This is pdfTeX, Version 3.141592653-2.6-1.40.26 (TeX Live 2025/dev/Debian) (preloaded format=pdflatex 2026.5.23)  28 MAY 2026 00:53
entering extended mode
 restricted \write18 enabled.
 file:line:error style messages enabled.
 %&-line parsing enabled.
**/home/oscar-gcpds/Documents/GCPDS_Proyects/Documento-Pedagogico-ANE/main.tex
(/home/oscar-gcpds/Documents/GCPDS_Proyects/Documento-Pedagogico-ANE/main.tex
LaTeX2e <2024-11-01> patch level 2
L3 programming layer <2025-01-18>
(/usr/share/texlive/texmf-dist/tex/latex/base/report.cls
Document Class: report 2024/06/29 v1.4n Standard LaTeX document class
(/usr/share/texlive/texmf-dist/tex/latex/base/size12.clo
File: size12.clo 2024/06/29 v1.4n Standard LaTeX file (size option)
)
\c@part=\count196
\c@chapter=\count197
\c@section=\count198
\c@subsection=\count199
\c@subsubsection=\count266
\c@paragraph=\count267
\c@subparagraph=\count268
\c@figure=\count269
\c@table=\count270
\abovecaptionskip=\skip49
\belowcaptionskip=\skip50
\bibindent=\dimen141
) (/usr/share/texlive/texmf-dist/tex/latex/base/inputenc.sty
Package: inputenc 2024/02/08 v1.3d Input encoding file
\inpenc@prehook=\toks17
\inpenc@posthook=\toks18
) (/usr/share/texlive/texmf-dist/tex/latex/base/fontenc.sty
Package: fontenc 2021/04/29 v2.0v Standard LaTeX package
) (/usr/share/texlive/texmf-dist/tex/generic/babel/babel.sty
Package: babel 2025/02/14 v25.4 The multilingual framework for pdfLaTeX, LuaLaTeX and XeLaTeX
\babel@savecnt=\count271
\U@D=\dimen142
\l@unhyphenated=\language6
 (/usr/share/texlive/texmf-dist/tex/generic/babel/txtbabel.def)
\bbl@readstream=\read2
\bbl@dirlevel=\count272
 (/usr/share/texlive/texmf-dist/tex/generic/babel-spanish/spanish.ldf
Language: spanish.ldf 2021/05/27 v5.0q Spanish support from the babel system
\es@quottoks=\toks19
\es@quotdepth=\count273
Package babel Info: Making " an active character on input line 570.
Package babel Info: Making . an active character on input line 675.
Package babel Info: Making < an active character on input line 722.
Package babel Info: Making > an active character on input line 722.
)) (/usr/share/texlive/texmf-dist/tex/generic/babel/locale/es/babel-spanish.tex
Package babel Info: Importing font and identification data for spanish
(babel)             from babel-es.ini. Reported on input line 11.
) (/usr/share/texlive/texmf-dist/tex/latex/csquotes/csquotes.sty
Package: csquotes 2024-04-04 v5.2o context-sensitive quotations (JAW)
 (/usr/share/texlive/texmf-dist/tex/latex/etoolbox/etoolbox.sty
Package: etoolbox 2025/02/11 v2.5l e-TeX tools for LaTeX (JAW)
\etb@tempcnta=\count274
) (/usr/share/texlive/texmf-dist/tex/latex/graphics/keyval.sty
Package: keyval 2022/05/29 v1.15 key=value parser (DPC)
\KV@toks@=\toks20
)
\csq@reset=\count275
\csq@gtype=\count276
\csq@glevel=\count277
\csq@qlevel=\count278
\csq@maxlvl=\count279
\csq@tshold=\count280
\csq@ltx@everypar=\toks21
 (/usr/share/texlive/texmf-dist/tex/latex/csquotes/csquotes.def
File: csquotes.def 2024-04-04 v5.2o csquotes generic definitions (JAW)
)
Package csquotes Info: Trying to load configuration file 'csquotes.cfg'...
Package csquotes Info: ... configuration file loaded successfully.
 (/usr/share/texlive/texmf-dist/tex/latex/csquotes/csquotes.cfg
File: csquotes.cfg 
)) (/usr/share/texlive/texmf-dist/tex/latex/geometry/geometry.sty
Package: geometry 2020/01/02 v5.9 Page Geometry
 (/usr/share/texlive/texmf-dist/tex/generic/iftex/ifvtex.sty
Package: ifvtex 2019/10/25 v1.7 ifvtex legacy package. Use iftex instead.
 (/usr/share/texlive/texmf-dist/tex/generic/iftex/iftex.sty
Package: iftex 2024/12/12 v1.0g TeX engine tests
))
\Gm@cnth=\count281
\Gm@cntv=\count282
\c@Gm@tempcnt=\count283
\Gm@bindingoffset=\dimen143
\Gm@wd@mp=\dimen144
\Gm@odd@mp=\dimen145
\Gm@even@mp=\dimen146
\Gm@layoutwidth=\dimen147
\Gm@layoutheight=\dimen148
\Gm@layouthoffset=\dimen149
\Gm@layoutvoffset=\dimen150
\Gm@dimlist=\toks22
) (/usr/share/texlive/texmf-dist/tex/latex/graphics/graphicx.sty
Package: graphicx 2021/09/16 v1.2d Enhanced LaTeX Graphics (DPC,SPQR)
 (/usr/share/texlive/texmf-dist/tex/latex/graphics/graphics.sty
Package: graphics 2024/08/06 v1.4g Standard LaTeX Graphics (DPC,SPQR)
 (/usr/share/texlive/texmf-dist/tex/latex/graphics/trig.sty
Package: trig 2023/12/02 v1.11 sin cos tan (DPC)
) (/usr/share/texlive/texmf-dist/tex/latex/graphics-cfg/graphics.cfg
File: graphics.cfg 2016/06/04 v1.11 sample graphics configuration
)
Package graphics Info: Driver file: pdftex.def on input line 106.
 (/usr/share/texlive/texmf-dist/tex/latex/graphics-def/pdftex.def
File: pdftex.def 2024/04/13 v1.2c Graphics/color driver for pdftex
))
\Gin@req@height=\dimen151
\Gin@req@width=\dimen152
) (/usr/share/texlive/texmf-dist/tex/latex/float/float.sty
Package: float 2001/11/08 v1.3d Float enhancements (AL)
\c@float@type=\count284
\float@exts=\toks23
\float@box=\box52
\@float@everytoks=\toks24
\@floatcapt=\box53
) (/usr/share/texlive/texmf-dist/tex/latex/booktabs/booktabs.sty
Package: booktabs 2020/01/12 v1.61803398 Publication quality tables
\heavyrulewidth=\dimen153
\lightrulewidth=\dimen154
\cmidrulewidth=\dimen155
\belowrulesep=\dimen156
\belowbottomsep=\dimen157
\aboverulesep=\dimen158
\abovetopsep=\dimen159
\cmidrulesep=\dimen160
\cmidrulekern=\dimen161
\defaultaddspace=\dimen162
\@cmidla=\count285
\@cmidlb=\count286
\@aboverulesep=\dimen163
\@belowrulesep=\dimen164
\@thisruleclass=\count287
\@lastruleclass=\count288
\@thisrulewidth=\dimen165
) (/usr/share/texlive/texmf-dist/tex/latex/tools/longtable.sty
Package: longtable 2024-10-27 v4.22 Multi-page Table package (DPC)
\LTleft=\skip51
\LTright=\skip52
\LTpre=\skip53
\LTpost=\skip54
\LTchunksize=\count289
\LTcapwidth=\dimen166
\LT@head=\box54
\LT@firsthead=\box55
\LT@foot=\box56
\LT@lastfoot=\box57
\LT@gbox=\box58
\LT@cols=\count290
\LT@rows=\count291
\c@LT@tables=\count292
\c@LT@chunks=\count293
\LT@p@ftn=\toks25
) (/usr/share/texlive/texmf-dist/tex/latex/tools/array.sty
Package: array 2024/10/17 v2.6g Tabular extension package (FMi)
\col@sep=\dimen167
\ar@mcellbox=\box59
\extrarowheight=\dimen168
\NC@list=\toks26
\extratabsurround=\skip55
\backup@length=\skip56
\ar@cellbox=\box60
) (/usr/share/texlive/texmf-dist/tex/latex/tools/tabularx.sty
Package: tabularx 2023/12/11 v2.12a `tabularx' package (DPC)
\TX@col@width=\dimen169
\TX@old@table=\dimen170
\TX@old@col=\dimen171
\TX@target=\dimen172
\TX@delta=\dimen173
\TX@cols=\count294
\TX@ftn=\toks27
) (/usr/share/texlive/texmf-dist/tex/latex/hyperref/hyperref.sty
Package: hyperref 2024-11-05 v7.01l Hypertext links for LaTeX
 (/usr/share/texlive/texmf-dist/tex/latex/kvsetkeys/kvsetkeys.sty
Package: kvsetkeys 2022-10-05 v1.19 Key value parser (HO)
) (/usr/share/texlive/texmf-dist/tex/generic/kvdefinekeys/kvdefinekeys.sty
Package: kvdefinekeys 2019-12-19 v1.6 Define keys (HO)
) (/usr/share/texlive/texmf-dist/tex/generic/pdfescape/pdfescape.sty
Package: pdfescape 2019/12/09 v1.15 Implements pdfTeX's escape features (HO)
 (/usr/share/texlive/texmf-dist/tex/generic/ltxcmds/ltxcmds.sty
Package: ltxcmds 2023-12-04 v1.26 LaTeX kernel commands for general use (HO)
) (/usr/share/texlive/texmf-dist/tex/generic/pdftexcmds/pdftexcmds.sty
Package: pdftexcmds 2020-06-27 v0.33 Utility functions of pdfTeX for LuaTeX (HO)
 (/usr/share/texlive/texmf-dist/tex/generic/infwarerr/infwarerr.sty
Package: infwarerr 2019/12/03 v1.5 Providing info/warning/error messages (HO)
)
Package pdftexcmds Info: \pdf@primitive is available.
Package pdftexcmds Info: \pdf@ifprimitive is available.
Package pdftexcmds Info: \pdfdraftmode found.
)) (/usr/share/texlive/texmf-dist/tex/latex/hycolor/hycolor.sty
Package: hycolor 2020-01-27 v1.10 Color options for hyperref/bookmark (HO)
) (/usr/share/texlive/texmf-dist/tex/latex/hyperref/nameref.sty
Package: nameref 2023-11-26 v2.56 Cross-referencing by name of section
 (/usr/share/texlive/texmf-dist/tex/latex/refcount/refcount.sty
Package: refcount 2019/12/15 v3.6 Data extraction from label references (HO)
) (/usr/share/texlive/texmf-dist/tex/generic/gettitlestring/gettitlestring.sty
Package: gettitlestring 2019/12/15 v1.6 Cleanup title references (HO)
 (/usr/share/texlive/texmf-dist/tex/latex/kvoptions/kvoptions.sty
Package: kvoptions 2022-06-15 v3.15 Key value format for package options (HO)
))
\c@section@level=\count295
) (/usr/share/texlive/texmf-dist/tex/generic/stringenc/stringenc.sty
Package: stringenc 2019/11/29 v1.12 Convert strings between diff. encodings (HO)
)
\@linkdim=\dimen174
\Hy@linkcounter=\count296
\Hy@pagecounter=\count297
 (/usr/share/texlive/texmf-dist/tex/latex/hyperref/pd1enc.def
File: pd1enc.def 2024-11-05 v7.01l Hyperref: PDFDocEncoding definition (HO)
Now handling font encoding PD1 ...
... no UTF-8 mapping file for font encoding PD1
) (/usr/share/texlive/texmf-dist/tex/generic/intcalc/intcalc.sty
Package: intcalc 2019/12/15 v1.3 Expandable calculations with integers (HO)
)
\Hy@SavedSpaceFactor=\count298
 (/usr/share/texlive/texmf-dist/tex/latex/hyperref/puenc.def
File: puenc.def 2024-11-05 v7.01l Hyperref: PDF Unicode definition (HO)
Now handling font encoding PU ...
... no UTF-8 mapping file for font encoding PU
)
Package hyperref Info: Hyper figures OFF on input line 4157.
Package hyperref Info: Link nesting OFF on input line 4162.
Package hyperref Info: Hyper index ON on input line 4165.
Package hyperref Info: Plain pages OFF on input line 4172.
Package hyperref Info: Backreferencing OFF on input line 4177.
Package hyperref Info: Implicit mode ON; LaTeX internals redefined.
Package hyperref Info: Bookmarks ON on input line 4424.
\c@Hy@tempcnt=\count299
 (/usr/share/texlive/texmf-dist/tex/latex/url/url.sty
\Urlmuskip=\muskip17
Package: url 2013/09/16  ver 3.4  Verb mode for urls, etc.
)
LaTeX Info: Redefining \url on input line 4763.
\XeTeXLinkMargin=\dimen175
 (/usr/share/texlive/texmf-dist/tex/generic/bitset/bitset.sty
Package: bitset 2019/12/09 v1.3 Handle bit-vector datatype (HO)
 (/usr/share/texlive/texmf-dist/tex/generic/bigintcalc/bigintcalc.sty
Package: bigintcalc 2019/12/15 v1.5 Expandable calculations on big integers (HO)
))
\Fld@menulength=\count300
\Field@Width=\dimen176
\Fld@charsize=\dimen177
Package hyperref Info: Hyper figures OFF on input line 6042.
Package hyperref Info: Link nesting OFF on input line 6047.
Package hyperref Info: Hyper index ON on input line 6050.
Package hyperref Info: backreferencing OFF on input line 6057.
Package hyperref Info: Link coloring OFF on input line 6062.
Package hyperref Info: Link coloring with OCG OFF on input line 6067.
Package hyperref Info: PDF/A mode OFF on input line 6072.
 (/usr/share/texlive/texmf-dist/tex/latex/base/atbegshi-ltx.sty
Package: atbegshi-ltx 2021/01/10 v1.0c Emulation of the original atbegshi
package with kernel methods
)
\Hy@abspage=\count301
\c@Item=\count302
\c@Hfootnote=\count303
)
Package hyperref Info: Driver (autodetected): hpdftex.
 (/usr/share/texlive/texmf-dist/tex/latex/hyperref/hpdftex.def
File: hpdftex.def 2024-11-05 v7.01l Hyperref driver for pdfTeX
 (/usr/share/texlive/texmf-dist/tex/latex/base/atveryend-ltx.sty
Package: atveryend-ltx 2020/08/19 v1.0a Emulation of the original atveryend package
with kernel methods
)
\Fld@listcount=\count304
\c@bookmark@seq@number=\count305
 (/usr/share/texlive/texmf-dist/tex/latex/rerunfilecheck/rerunfilecheck.sty
Package: rerunfilecheck 2022-07-10 v1.10 Rerun checks for auxiliary files (HO)
 (/usr/share/texlive/texmf-dist/tex/generic/uniquecounter/uniquecounter.sty
Package: uniquecounter 2019/12/15 v1.4 Provide unlimited unique counter (HO)
)
Package uniquecounter Info: New unique counter `rerunfilecheck' on input line 285.
)
\Hy@SectionHShift=\skip57
) (/usr/share/texlive/texmf-dist/tex/latex/xcolor/xcolor.sty
Package: xcolor 2024/09/29 v3.02 LaTeX color extensions (UK)
 (/usr/share/texlive/texmf-dist/tex/latex/graphics-cfg/color.cfg
File: color.cfg 2016/01/02 v1.6 sample color configuration
)
Package xcolor Info: Driver file: pdftex.def on input line 274.
 (/usr/share/texlive/texmf-dist/tex/latex/graphics/mathcolor.ltx)
Package xcolor Info: Model `cmy' substituted by `cmy0' on input line 1349.
Package xcolor Info: Model `hsb' substituted by `rgb' on input line 1353.
Package xcolor Info: Model `RGB' extended on input line 1365.
Package xcolor Info: Model `HTML' substituted by `rgb' on input line 1367.
Package xcolor Info: Model `Hsb' substituted by `hsb' on input line 1368.
Package xcolor Info: Model `tHsb' substituted by `hsb' on input line 1369.
Package xcolor Info: Model `HSB' substituted by `hsb' on input line 1370.
Package xcolor Info: Model `Gray' substituted by `gray' on input line 1371.
Package xcolor Info: Model `wave' substituted by `hsb' on input line 1372.
) (/usr/share/texlive/texmf-dist/tex/latex/enumitem/enumitem.sty
Package: enumitem 2025/02/06 v3.11 Customized lists
\labelindent=\skip58
\enit@outerparindent=\dimen178
\enit@toks=\toks28
\enit@inbox=\box61
\enit@count@id=\count306
\enitdp@description=\count307
) (/usr/share/texlive/texmf-dist/tex/latex/amsmath/amsmath.sty
Package: amsmath 2024/11/05 v2.17t AMS math features
\@mathmargin=\skip59

For additional information on amsmath, use the `?' option.
(/usr/share/texlive/texmf-dist/tex/latex/amsmath/amstext.sty
Package: amstext 2021/08/26 v2.01 AMS text
 (/usr/share/texlive/texmf-dist/tex/latex/amsmath/amsgen.sty
File: amsgen.sty 1999/11/30 v2.0 generic functions
\@emptytoks=\toks29
\ex@=\dimen179
)) (/usr/share/texlive/texmf-dist/tex/latex/amsmath/amsbsy.sty
Package: amsbsy 1999/11/29 v1.2d Bold Symbols
\pmbraise@=\dimen180
) (/usr/share/texlive/texmf-dist/tex/latex/amsmath/amsopn.sty
Package: amsopn 2022/04/08 v2.04 operator names
)
\inf@bad=\count308
LaTeX Info: Redefining \frac on input line 233.
\uproot@=\count309
\leftroot@=\count310
LaTeX Info: Redefining \overline on input line 398.
LaTeX Info: Redefining \colon on input line 409.
\classnum@=\count311
\DOTSCASE@=\count312
LaTeX Info: Redefining \ldots on input line 495.
LaTeX Info: Redefining \dots on input line 498.
LaTeX Info: Redefining \cdots on input line 619.
\Mathstrutbox@=\box62
\strutbox@=\box63
LaTeX Info: Redefining \big on input line 721.
LaTeX Info: Redefining \Big on input line 722.
LaTeX Info: Redefining \bigg on input line 723.
LaTeX Info: Redefining \Bigg on input line 724.
\big@size=\dimen181
LaTeX Font Info:    Redeclaring font encoding OML on input line 742.
LaTeX Font Info:    Redeclaring font encoding OMS on input line 743.
\macc@depth=\count313
LaTeX Info: Redefining \bmod on input line 904.
LaTeX Info: Redefining \pmod on input line 909.
LaTeX Info: Redefining \smash on input line 939.
LaTeX Info: Redefining \relbar on input line 969.
LaTeX Info: Redefining \Relbar on input line 970.
\c@MaxMatrixCols=\count314
\dotsspace@=\muskip18
\c@parentequation=\count315
\dspbrk@lvl=\count316
\tag@help=\toks30
\row@=\count317
\column@=\count318
\maxfields@=\count319
\andhelp@=\toks31
\eqnshift@=\dimen182
\alignsep@=\dimen183
\tagshift@=\dimen184
\tagwidth@=\dimen185
\totwidth@=\dimen186
\lineht@=\dimen187
\@envbody=\toks32
\multlinegap=\skip60
\multlinetaggap=\skip61
\mathdisplay@stack=\toks33
LaTeX Info: Redefining \[ on input line 2953.
LaTeX Info: Redefining \] on input line 2954.
) (/usr/share/texlive/texmf-dist/tex/latex/amsfonts/amssymb.sty
Package: amssymb 2013/01/14 v3.01 AMS font symbols
 (/usr/share/texlive/texmf-dist/tex/latex/amsfonts/amsfonts.sty
Package: amsfonts 2013/01/14 v3.01 Basic AMSFonts support
\symAMSa=\mathgroup4
\symAMSb=\mathgroup5
LaTeX Font Info:    Redeclaring math symbol \hbar on input line 98.
LaTeX Font Info:    Overwriting math alphabet `\mathfrak' in version `bold'
(Font)                  U/euf/m/n --> U/euf/b/n on input line 106.
)) (/usr/share/texlive/texmf-dist/tex/latex/caption/caption.sty
Package: caption 2023/08/05 v3.6o Customizing captions (AR)
 (/usr/share/texlive/texmf-dist/tex/latex/caption/caption3.sty
Package: caption3 2023/07/31 v2.4d caption3 kernel (AR)
\caption@tempdima=\dimen188
\captionmargin=\dimen189
\caption@leftmargin=\dimen190
\caption@rightmargin=\dimen191
\caption@width=\dimen192
\caption@indent=\dimen193
\caption@parindent=\dimen194
\caption@hangindent=\dimen195
Package caption Info: Standard document class detected.
)
\c@caption@flags=\count320
\c@continuedfloat=\count321
Package caption Info: float package is loaded.
Package caption Info: hyperref package is loaded.
Package caption Info: longtable package is loaded.
 (/usr/share/texlive/texmf-dist/tex/latex/caption/ltcaption.sty
Package: ltcaption 2021/01/08 v1.4c longtable captions (AR)
)) (/usr/share/texlive/texmf-dist/tex/latex/caption/subcaption.sty
Package: subcaption 2023/07/28 v1.6b Sub-captions (AR)
Package caption Info: New subtype `subfigure' on input line 238.
\c@subfigure=\count322
Package caption Info: New subtype `subtable' on input line 238.
\c@subtable=\count323
) (/usr/share/texlive/texmf-dist/tex/latex/base/ifthen.sty
Package: ifthen 2024/03/16 v1.1e Standard LaTeX ifthen package (DPC)
)
Package hyperref Info: Option `colorlinks' set `true' on input line 41.
Package csquotes Info: Checking for multilingual support...
Package csquotes Info: ... found 'babel' package.
Package csquotes Info: Adjusting default style.
Package csquotes Info: Redefining alias 'default' -> 'spanish'.
 (/usr/share/texlive/texmf-dist/tex/latex/l3backend/l3backend-pdftex.def
File: l3backend-pdftex.def 2024-05-08 L3 backend support: PDF output (pdfTeX)
\l__color_backend_stack_int=\count324
\l__pdf_internal_box=\box64
) (./main.aux
LaTeX Info: Redefining \. on input line 11.
LaTeX Info: Redefining \% on input line 11.
)
\openout1 = `main.aux'.

LaTeX Font Info:    Checking defaults for OML/cmm/m/it on input line 177.
LaTeX Font Info:    ... okay on input line 177.
LaTeX Font Info:    Checking defaults for OMS/cmsy/m/n on input line 177.
LaTeX Font Info:    ... okay on input line 177.
LaTeX Font Info:    Checking defaults for OT1/cmr/m/n on input line 177.
LaTeX Font Info:    ... okay on input line 177.
LaTeX Font Info:    Checking defaults for T1/cmr/m/n on input line 177.
LaTeX Font Info:    ... okay on input line 177.
LaTeX Font Info:    Checking defaults for TS1/cmr/m/n on input line 177.
LaTeX Font Info:    ... okay on input line 177.
LaTeX Font Info:    Checking defaults for OMX/cmex/m/n on input line 177.
LaTeX Font Info:    ... okay on input line 177.
LaTeX Font Info:    Checking defaults for U/cmr/m/n on input line 177.
LaTeX Font Info:    ... okay on input line 177.
LaTeX Font Info:    Checking defaults for PD1/pdf/m/n on input line 177.
LaTeX Font Info:    ... okay on input line 177.
LaTeX Font Info:    Checking defaults for PU/pdf/m/n on input line 177.
LaTeX Font Info:    ... okay on input line 177.
LaTeX Info: Redefining \. on input line 177.
LaTeX Info: Redefining \% on input line 177.

*geometry* driver: auto-detecting
*geometry* detected driver: pdftex
*geometry* verbose mode - [ preamble ] result:
* driver: pdftex
* paper: letterpaper
* layout: <same size as paper>
* layoutoffset:(h,v)=(0.0pt,0.0pt)
* modes: 
* h-part:(L,W,R)=(85.35826pt, 457.80486pt, 71.13188pt)
* v-part:(T,H,B)=(85.35826pt, 624.25346pt, 85.35826pt)
* \paperwidth=614.295pt
* \paperheight=794.96999pt
* \textwidth=457.80486pt
* \textheight=624.25346pt
* \oddsidemargin=13.08827pt
* \evensidemargin=13.08827pt
* \topmargin=-23.91173pt
* \headheight=12.0pt
* \headsep=25.0pt
* \topskip=12.0pt
* \footskip=30.0pt
* \marginparwidth=44.0pt
* \marginparsep=10.0pt
* \columnsep=10.0pt
* \skip\footins=10.8pt plus 4.0pt minus 2.0pt
* \hoffset=0.0pt
* \voffset=0.0pt
* \mag=1000
* \@twocolumnfalse
* \@twosidefalse
* \@mparswitchfalse
* \@reversemarginfalse
* (1in=72.27pt=25.4mm, 1cm=28.453pt)

(/usr/share/texlive/texmf-dist/tex/context/base/mkii/supp-pdf.mkii
[Loading MPS to PDF converter (version 2006.09.02).]
\scratchcounter=\count325
\scratchdimen=\dimen196
\scratchbox=\box65
\nofMPsegments=\count326
\nofMParguments=\count327
\everyMPshowfont=\toks34
\MPscratchCnt=\count328
\MPscratchDim=\dimen197
\MPnumerator=\count329
\makeMPintoPDFobject=\count330
\everyMPtoPDFconversion=\toks35
) (/usr/share/texlive/texmf-dist/tex/latex/epstopdf-pkg/epstopdf-base.sty
Package: epstopdf-base 2020-01-24 v2.11 Base part for package epstopdf
Package epstopdf-base Info: Redefining graphics rule for `.eps' on input line 485.
 (/usr/share/texlive/texmf-dist/tex/latex/latexconfig/epstopdf-sys.cfg
File: epstopdf-sys.cfg 2010/07/13 v1.3 Configuration of (r)epstopdf for TeX Live
))
Package hyperref Info: Link coloring ON on input line 177.
 (./main.out) (./main.out)
\@outlinefile=\write3
\openout3 = `main.out'.

Package caption Info: Begin \AtBeginDocument code.
Package caption Info: End \AtBeginDocument code.
LaTeX Font Info:    Trying to load font information for U+msa on input line 180.
 (/usr/share/texlive/texmf-dist/tex/latex/amsfonts/umsa.fd
File: umsa.fd 2013/01/14 v3.01 AMS symbols A
)
LaTeX Font Info:    Trying to load font information for U+msb on input line 180.
 (/usr/share/texlive/texmf-dist/tex/latex/amsfonts/umsb.fd
File: umsb.fd 2013/01/14 v3.01 AMS symbols B
)

[1

{/var/lib/texmf/fonts/map/pdftex/updmap/pdftex.map}] (./main.toc
LaTeX Info: Redefining \. on input line 1.
LaTeX Info: Redefining \% on input line 1.



pdfTeX warning (ext4): destination with the same identifier (name{page.1}) has been already used, duplicate ignored
<to be read again> 
                   \relax 
l.32 ...on de componente DC}{22}{subsection.0.5.7}
                                                  % [1

]

[2])
\tf@toc=\write4
\openout4 = `main.toc'.



[3] (./main.lof
LaTeX Info: Redefining \. on input line 1.
LaTeX Info: Redefining \% on input line 1.
)
\tf@lof=\write5
\openout5 = `main.lof'.



[4

] (./main.lot
LaTeX Info: Redefining \. on input line 1.
LaTeX Info: Redefining \% on input line 1.
)
\tf@lot=\write6
\openout6 = `main.lot'.



[5

] (./section/1_introduction.tex

[6

]) (./section/2_requirements-restrictions.tex) (./section/3_general_design_system.tex

[7]) (./section/4_HW.tex

[8]
<section/img/cap04_hw/product.jpeg, id=377, 578.16pt x 1284.8pt>
File: section/img/cap04_hw/product.jpeg Graphic file (type jpg)
<use section/img/cap04_hw/product.jpeg>
Package pdftex.def Info: section/img/cap04_hw/product.jpeg  used on input line 47.
(pdftex.def)             Requested size: 251.79407pt x 559.53044pt.


[9]

[10 <./section/img/cap04_hw/product.jpeg>]
Underfull \hbox (badness 10000) in paragraph at lines 76--76
[]|\T1/cmr/m/n/12 Función prin-ci-
 []


Underfull \hbox (badness 6641) in paragraph at lines 76--76
[]|\T1/cmr/m/n/12 Computador de
 []


Underfull \hbox (badness 4886) in paragraph at lines 76--76
[]|\T1/cmr/m/n/12 Digitaliza se-ńa-les RF co-mo mues-tras IQ.
 []


Underfull \hbox (badness 7722) in paragraph at lines 76--76
\T1/cmr/m/n/12 De-be re-ci-bir la ru-ta RF ya se-lec-cio-na-
 []


Underfull \hbox (badness 10000) in paragraph at lines 76--76
[]|\T1/cmr/bx/n/12 Antenas RF,
 []


Underfull \hbox (badness 4479) in paragraph at lines 76--76
[]|\T1/cmr/m/n/12 Interfaz elec-tro-
 []


Underfull \hbox (badness 2065) in paragraph at lines 76--76
[]|\T1/cmr/bx/n/12 Árbol de po-
 []


Underfull \hbox (badness 10000) in paragraph at lines 76--76
[]|\T1/cmr/m/n/12 Distribución de
 []

<section/img/cap04_hw/rpi5.png, id=387, 401.5pt x 302.12875pt>
File: section/img/cap04_hw/rpi5.png Graphic file (type png)
<use section/img/cap04_hw/rpi5.png>
Package pdftex.def Info: section/img/cap04_hw/rpi5.png  used on input line 87.
(pdftex.def)             Requested size: 141.91838pt x 106.79314pt.
<section/img/cap04_hw/hackrfone.jpeg, id=389, 459.7175pt x 459.7175pt>
File: section/img/cap04_hw/hackrfone.jpeg Graphic file (type jpg)
<use section/img/cap04_hw/hackrfone.jpeg>
Package pdftex.def Info: section/img/cap04_hw/hackrfone.jpeg  used on input line 93.
(pdftex.def)             Requested size: 141.91838pt x 141.9217pt.
<section/img/cap04_hw/monraf2-default.jpeg, id=390, 592.2125pt x 471.7625pt>
File: section/img/cap04_hw/monraf2-default.jpeg Graphic file (type jpg)
<use section/img/cap04_hw/monraf2-default.jpeg>
Package pdftex.def Info: section/img/cap04_hw/monraf2-default.jpeg  used on input line 99.
(pdftex.def)             Requested size: 141.91838pt x 113.05254pt.


[11]
<section/img/cap04_hw/monraf2-schematics.pdf, id=396, page=3, 794.97pt x 614.295pt>
File: section/img/cap04_hw/monraf2-schematics.pdf Graphic file (type pdf)
<use section/img/cap04_hw/monraf2-schematics.pdf, page 3>
Package pdftex.def Info: section/img/cap04_hw/monraf2-schematics.pdf , page3 used on input line 130.
(pdftex.def)             Requested size: 421.18654pt x 325.46231pt.


[12 <./section/img/cap04_hw/rpi5.png> <./section/img/cap04_hw/hackrfone.jpeg> <./section/img/cap04_hw/monraf2-default.jpeg>]

[13 <./section/img/cap04_hw/monraf2-schematics.pdf>]
Underfull \hbox (badness 10000) in paragraph at lines 177--177
\T1/cmr/bx/n/12 so-bre-di-men-sio-
 []


Underfull \hbox (badness 10000) in paragraph at lines 177--177
[]|\T1/cmr/bx/n/12 Protección y
 []


Underfull \hbox (badness 10000) in paragraph at lines 198--198
[]|\T1/cmr/bx/n/12 Antenas a
 []


Underfull \hbox (badness 10000) in paragraph at lines 198--198
[]|\T1/cmr/bx/n/12 MonRaF2 a
 []


Underfull \hbox (badness 10000) in paragraph at lines 198--198
[]|\T1/cmr/bx/n/12 HackRF a
 []


Underfull \hbox (badness 2150) in paragraph at lines 198--198
\T1/cmr/bx/n/12 Rasp-berry Pi
 []


Underfull \hbox (badness 2150) in paragraph at lines 198--198
[]|\T1/cmr/bx/n/12 Raspberry Pi
 []


Underfull \hbox (badness 10000) in paragraph at lines 198--198
[]|\T1/cmr/m/n/12 GPIO, UART,
 []


Underfull \hbox (badness 6188) in paragraph at lines 198--198
[]|\T1/cmr/m/n/12 Permite con-trol au-xi-liar, co-mu-ni-ca-ción con
 []


Underfull \hbox (badness 10000) in paragraph at lines 198--198
[]|\T1/cmr/bx/n/12 MonRaF2 a
 []


Underfull \hbox (badness 10000) in paragraph at lines 198--198
[]|\T1/cmr/bx/n/12 MonRaF2 a
 []


Underfull \hbox (badness 2538) in paragraph at lines 198--198
[]|\T1/cmr/bx/n/12 Fuente ex-ter-
 []


Underfull \hbox (badness 1810) in paragraph at lines 198--198
[]|\T1/cmr/m/n/12 Debe dis-tri-buir po-ten-cia a Rasp-berry Pi 5,
 []



[14]
Underfull \hbox (badness 10000) in paragraph at lines 215--215
[]|\T1/cmr/m/n/10.95 Usar Mon-RaF2
 []


Underfull \hbox (badness 10000) in paragraph at lines 215--215
\T1/cmr/m/n/10.95 co-mo con-cen-
 []


Underfull \hbox (badness 1389) in paragraph at lines 215--215
\T1/cmr/m/n/10.95 tra-dor RF y de
 []


Underfull \hbox (badness 10000) in paragraph at lines 215--215
[]|\T1/cmr/m/n/10.95 La tar-je-ta con-tie-ne
 []


Underfull \hbox (badness 5161) in paragraph at lines 215--215
\T1/cmr/m/n/10.95 ru-tas de an-te-na, fil-
 []


Underfull \hbox (badness 2903) in paragraph at lines 215--215
\T1/cmr/m/n/10.95 tros, mux/switch RF,
 []


Underfull \hbox (badness 4205) in paragraph at lines 215--215
\T1/cmr/m/n/10.95 LTE/GNSS y se-ńa-les
 []


Underfull \hbox (badness 3189) in paragraph at lines 215--216
[]|\T1/cmr/m/n/10.95 Las an-te-nas se do-cu-men-tan
 []


Underfull \hbox (badness 10000) in paragraph at lines 216--216
[]|\T1/cmr/m/n/10.95 Usar Rasp-berry
 []


Underfull \hbox (badness 4316) in paragraph at lines 216--216
[]|\T1/cmr/m/n/10.95 Tiene ca-pa-ci-dad su-fi-
 []


Underfull \hbox (badness 5667) in paragraph at lines 216--216
\T1/cmr/m/n/10.95 cien-te pa-ra or-ques-ta-
 []


Underfull \hbox (badness 10000) in paragraph at lines 217--217
[]|\T1/cmr/m/n/10.95 Usar HackRF
 []


Underfull \hbox (badness 2359) in paragraph at lines 218--218
[]|\T1/cmr/m/n/10.95 Separar po-ten-cia
 []


Underfull \hbox (badness 2418) in paragraph at lines 218--218
\T1/cmr/m/n/10.95 do la dis-tri-bu-ción de
 []


Underfull \hbox (badness 3209) in paragraph at lines 219--219
[]|\T1/cmr/m/n/10.95 Temperatura, vol-ta-jes,
 []


Underfull \hbox (badness 4254) in paragraph at lines 219--219
\T1/cmr/m/n/10.95 co-rrien-tes y ban-de-ras
 []


Underfull \hbox (badness 10000) in paragraph at lines 219--219
\T1/cmr/m/n/10.95 de \T1/cmr/m/it/10.95 th-rottling \T1/cmr/m/n/10.95 per-mi-
 []


Underfull \hbox (badness 1701) in paragraph at lines 219--219
\T1/cmr/m/n/10.95 ten diag-nos-ti-car fa-llas
 []

[15]
Underfull \hbox (badness 10000) in paragraph at lines 238--238
[]|\T1/cmr/m/n/8 Subtensión y
 []


Underfull \hbox (badness 2884) in paragraph at lines 238--238
[]|\T1/cmr/m/n/8 Caídas de EXT5V
 []


Underfull \hbox (badness 10000) in paragraph at lines 238--238
\T1/cmr/m/n/8 ba-jo car-gas
 []


Underfull \hbox (badness 10000) in paragraph at lines 238--238
\T1/cmr/m/n/8 SDR/LTE y es-
 []


Underfull \hbox (badness 10000) in paragraph at lines 238--238
\T1/cmr/m/n/8 de ali-men-ta-ción
 []


Underfull \hbox (badness 2384) in paragraph at lines 238--238
[]|\T1/cmr/m/n/8 Demasiadas car-gas
 []


Underfull \hbox (badness 7740) in paragraph at lines 238--239
\T1/cmr/m/n/8 to-rio pa-ra una
 []


Underfull \hbox (badness 10000) in paragraph at lines 239--239
[]|\T1/cmr/m/n/8 Aumento de
 []


Underfull \hbox (badness 10000) in paragraph at lines 239--239
\T1/cmr/m/n/8 tem-pe-ra-tu-ra
 []


Underfull \hbox (badness 10000) in paragraph at lines 239--239
[]|\T1/cmr/m/n/8 Pruebas con
 []


Underfull \hbox (badness 2762) in paragraph at lines 239--239
\T1/cmr/m/n/8 za-ron tem-pe-ra-tu-ras
 []


Underfull \hbox (badness 10000) in paragraph at lines 239--239
[]|\T1/cmr/m/n/8 Procesamiento
 []


Underfull \hbox (badness 10000) in paragraph at lines 239--239
\T1/cmr/m/n/8 sos-te-ni-do, ac-ti-vi-
 []


Underfull \hbox (badness 1448) in paragraph at lines 239--239
\T1/cmr/m/n/8 dad USB y car-ga
 []


Underfull \hbox (badness 10000) in paragraph at lines 239--239
\T1/cmr/m/n/8 RF/LTE si-mul-tá-
 []


Underfull \hbox (badness 10000) in paragraph at lines 239--240
[]|\T1/cmr/m/n/8 La tem-pe-ra-tu-
 []


Underfull \hbox (badness 5696) in paragraph at lines 239--240
\T1/cmr/m/n/8 ra que-da co-mo
 []


Underfull \hbox (badness 10000) in paragraph at lines 240--240
[]|\T1/cmr/m/n/8 El di-se-ńo in-
 []


Underfull \hbox (badness 10000) in paragraph at lines 240--240
\T1/cmr/m/n/8 clu-ye re-des
 []


Underfull \hbox (badness 10000) in paragraph at lines 240--240
\T1/cmr/m/n/8 MAIN/GNSS/AUX,
 []


Underfull \hbox (badness 1960) in paragraph at lines 240--240
\T1/cmr/m/n/8 na co-mo co-ne-xión
 []


Underfull \hbox (badness 10000) in paragraph at lines 240--240
[]|\T1/cmr/m/n/8 Documentar Mon-
 []


Underfull \hbox (badness 1072) in paragraph at lines 240--240
\T1/cmr/m/n/8 RaF2 co-mo en-tra-da
 []


Underfull \hbox (badness 10000) in paragraph at lines 241--241
[]|\T1/cmr/m/n/8 Dependencia
 []


Underfull \hbox (badness 1314) in paragraph at lines 241--241
\T1/cmr/m/n/8 ce-lu-lar pa-ra ope-ra-
 []


Underfull \hbox (badness 10000) in paragraph at lines 241--241
[]|\T1/cmr/m/n/8 Separar diag-nós-ti-co
 []


Underfull \hbox (badness 10000) in paragraph at lines 241--241
\T1/cmr/m/n/8 de RF, cómpu-to,
 []


Underfull \hbox (badness 10000) in paragraph at lines 242--242
[]|\T1/cmr/m/n/8 Ganancia ex-ce-si-va
 []


Underfull \hbox (badness 2213) in paragraph at lines 242--242
\T1/cmr/m/n/8 o emi-so-res fuer-tes
 []


Underfull \hbox (badness 3460) in paragraph at lines 242--242
\T1/cmr/m/n/8 pue-den sa-tu-rar el
 []


Underfull \hbox (badness 10000) in paragraph at lines 242--242
\T1/cmr/m/n/8 con-fi-gu-ra-cio-nes du-
 []


Underfull \hbox (badness 1014) in paragraph at lines 242--243
[]|\T1/cmr/m/n/8 Menor ries-go de
 []



[16]
Underfull \hbox (badness 10000) in paragraph at lines 269--269
[]|\T1/cmr/m/n/12 Temperatura
 []


Underfull \hbox (badness 10000) in paragraph at lines 269--269
[]|\T1/cmr/m/n/12 5.006--5.041
 []


Underfull \hbox (badness 10000) in paragraph at lines 269--269
[]|\T1/cmr/bx/n/12 HackRF en
 []


Underfull \hbox (badness 10000) in paragraph at lines 269--269
[]|\T1/cmr/m/n/12 4.748--4.965
 []


Underfull \hbox (badness 10000) in paragraph at lines 269--269
[]|\T1/cmr/bx/n/12 Periféricos
 []


Underfull \hbox (badness 10000) in paragraph at lines 269--269
[]|\T1/cmr/m/n/12 4.903--4.963
 []


Underfull \hbox (badness 10000) in paragraph at lines 269--269
[]|\T1/cmr/bx/n/12 Petición me-
 []


Underfull \hbox (badness 10000) in paragraph at lines 269--269
[]|\T1/cmr/m/n/12 4.721--5.083
 []


Underfull \hbox (badness 10000) in paragraph at lines 269--269
[]|\T1/cmr/m/n/12 4.904--5.122
 []



[17]) (./section/5_SDR-acquisition.tex

[18]

[19]

[20]

[21]

[22]

[23]

[24]

[25]

[26]

[27]

[28]) (./section/6_Platform_cloud.tex) (./section/7_Spectral-localization_cloud.tex

[29]
Underfull \hbox (badness 10000) in paragraph at lines 39--39
[]|$\T1/cmtt/m/n/12 src / payload _ parser .
 []


Underfull \hbox (badness 10000) in paragraph at lines 39--39
[]|$\T1/cmtt/m/n/12 src / spectrum _ frame .
 []


Underfull \hbox (badness 10000) in paragraph at lines 39--39
[]|$\T1/cmtt/m/n/12 src / spectral _
 []


Underfull \hbox (badness 10000) in paragraph at lines 39--39
[]|$\T1/cmtt/m/n/12 src / calibration _ io .
 []



[30]

[31]
Underfull \hbox (badness 10000) in paragraph at lines 90--90
[]|\T1/cmtt/m/n/12 dane\T1/cmr/m/n/12 , \T1/cmtt/m/n/12 danes\T1/cmr/m/n/12 ,
 []



[32]

[33]
Underfull \hbox (badness 10000) in paragraph at lines 110--111
[]|\T1/cmr/m/n/12 Modo de ope-ra-ción se-lec-cio-na-do:
 []

[34]
Underfull \hbox (badness 2856) in paragraph at lines 164--164
[]|\T1/cmr/bx/n/12 Condición de en-
 []


Underfull \hbox (badness 10000) in paragraph at lines 164--164
[]|\T1/cmr/m/n/12 Detectar au-to-má-ti-ca-men-te emi-sio-nes
 []



[35]

[36]

[37]

[38]

[39]) (./section/8_Test_protocols_edge-cloud.tex

[40]) (./section/9_System_integration.tex

[41]) (./section/10_General_conclusions.tex) (./section/11_Recommendations.tex

[42]) (./section/12_References.tex) (./section/A_IA-collaboration-technique.tex

[43]) (./section/B_Additional_diagrams.tex) (./section/C_Relevant_code_fragments.tex

[44]) (./section/D_Manuals_guides.tex) (./section/E_Test_results.tex

[45])

[46] (./main.aux
LaTeX Info: Redefining \. on input line 11.
LaTeX Info: Redefining \% on input line 11.
)
 ***********
LaTeX2e <2024-11-01> patch level 2
L3 programming layer <2025-01-18>
 ***********
Package rerunfilecheck Info: File `main.out' has not changed.
(rerunfilecheck)             Checksum: 33FB0F2D0F45389BB355EFE94DB7AFA1;11105.
 ) 
Here is how much of TeX's memory you used:
 15623 strings out of 475116
 248761 string characters out of 5764601
 681087 words of memory out of 5000000
 38163 multiletter control sequences out of 15000+600000
 579228 words of font info for 85 fonts, out of 8000000 for 9000
 40 hyphenation exceptions out of 8191
 75i,11n,79p,666b,826s stack positions out of 10000i,1000n,20000p,200000b,200000s
 </home/oscar-gcpds/.texlive2025/texmf-var/fonts/pk/ljfour/jknappen/ec/ecrm0800.600pk> </home/oscar-gcpds/.texlive2025/texmf-var/fonts/pk/ljfour/jknappen/ec/ecbx0800.600pk> </home/oscar-gcpds/.texlive2025/texmf-var/fonts/pk/ljfour/jknappen/ec/ecti1095.600pk> </home/oscar-gcpds/.texlive2025/texmf-var/fonts/pk/ljfour/jknappen/ec/ecbx1095.600pk> </home/oscar-gcpds/.texlive2025/texmf-var/fonts/pk/ljfour/jknappen/ec/ecrm1095.600pk> </home/oscar-gcpds/.texlive2025/texmf-var/fonts/pk/ljfour/jknappen/ec/ecbx1440.600pk> </home/oscar-gcpds/.texlive2025/texmf-var/fonts/pk/ljfour/jknappen/ec/ecbx1728.600pk> </home/oscar-gcpds/.texlive2025/texmf-var/fonts/pk/ljfour/jknappen/ec/ecti1200.600pk> </home/oscar-gcpds/.texlive2025/texmf-var/fonts/pk/ljfour/jknappen/ec/ectt1200.600pk> </home/oscar-gcpds/.texlive2025/texmf-var/fonts/pk/ljfour/jknappen/ec/ecrm1200.600pk> </home/oscar-gcpds/.texlive2025/texmf-var/fonts/pk/ljfour/jknappen/ec/ecbx1200.600pk> </home/oscar-gcpds/.texlive2025/texmf-var/fonts/pk/ljfour/jknappen/ec/ecbx2488.600pk> </home/oscar-gcpds/.texlive2025/texmf-var/fonts/pk/ljfour/jknappen/ec/ecrm1440.600pk> </home/oscar-gcpds/.texlive2025/texmf-var/fonts/pk/ljfour/jknappen/ec/ecbx2074.600pk></usr/share/texlive/texmf-dist/fonts/type1/public/amsfonts/cm/cmmi12.pfb></usr/share/texlive/texmf-dist/fonts/type1/public/amsfonts/cm/cmr12.pfb></usr/share/texlive/texmf-dist/fonts/type1/public/amsfonts/cm/cmsy10.pfb></usr/share/texlive/texmf-dist/fonts/type1/public/amsfonts/cm/cmsy6.pfb></usr/share/texlive/texmf-dist/fonts/type1/public/amsfonts/cm/cmsy8.pfb>
Output written on main.pdf (47 pages, 757545 bytes).
PDF statistics:
 1314 PDF objects out of 1440 (max. 8388607)
 686 compressed objects within 7 object streams
 204 named destinations out of 1000 (max. 500000)
 474 words of extra memory for PDF output out of 10000 (max. 10000000)

