\BOOKMARK [0][-]{chapter.1}{\376\377\000I\000n\000t\000r\000o\000d\000u\000c\000c\000i\000\363\000n\000\040\000g\000e\000n\000e\000r\000a\000l}{}% 1
\BOOKMARK [1][-]{section.1.1}{\376\377\000P\000r\000o\000p\000\363\000s\000i\000t\000o\000\040\000y\000\040\000c\000o\000n\000t\000e\000x\000t\000o\000\040\000d\000e\000l\000\040\000p\000r\000o\000y\000e\000c\000t\000o}{chapter.1}% 2
\BOOKMARK [1][-]{section.1.2}{\376\377\000P\000r\000o\000b\000l\000e\000m\000a\000\040\000o\000\040\000n\000e\000c\000e\000s\000i\000d\000a\000d\000\040\000p\000r\000i\000n\000c\000i\000p\000a\000l}{chapter.1}% 3
\BOOKMARK [1][-]{section.1.3}{\376\377\000A\000l\000c\000a\000n\000c\000e\000\040\000d\000e\000l\000\040\000d\000o\000c\000u\000m\000e\000n\000t\000o}{chapter.1}% 4
\BOOKMARK [1][-]{section.1.4}{\376\377\000R\000e\000s\000u\000m\000e\000n\000\040\000d\000e\000\040\000l\000a\000\040\000a\000r\000q\000u\000i\000t\000e\000c\000t\000u\000r\000a\000\040\000y\000\040\000l\000o\000s\000\040\000m\000\363\000d\000u\000l\000o\000s\000\040\000p\000r\000i\000n\000c\000i\000p\000a\000l\000e\000s}{chapter.1}% 5
\BOOKMARK [2][-]{subsection.1.4.1}{\376\377\000C\000a\000p\000\355\000t\000u\000l\000o\000\040\0002\000:\000\040\000A\000n\000\341\000l\000i\000s\000i\000s\000\040\000d\000e\000\040\000r\000e\000q\000u\000e\000r\000i\000m\000i\000e\000n\000t\000o\000s\000,\000\040\000r\000e\000s\000t\000r\000i\000c\000c\000i\000o\000n\000e\000s\000\040\000y\000\040\000u\000s\000o}{section.1.4}% 6
\BOOKMARK [2][-]{subsection.1.4.2}{\376\377\000C\000a\000p\000\355\000t\000u\000l\000o\000\040\0004\000:\000\040\000H\000a\000r\000d\000w\000a\000r\000e}{section.1.4}% 7
\BOOKMARK [2][-]{subsection.1.4.3}{\376\377\000C\000a\000p\000\355\000t\000u\000l\000o\000\040\0005\000:\000\040\000S\000o\000f\000t\000w\000a\000r\000e\000\040\000d\000e\000l\000\040\000s\000e\000n\000s\000o\000r}{section.1.4}% 8
\BOOKMARK [2][-]{subsection.1.4.4}{\376\377\000C\000a\000p\000\355\000t\000u\000l\000o\000\040\0006\000:\000\040\000P\000l\000a\000t\000a\000f\000o\000r\000m\000a\000\040\000w\000e\000b\000\040\000e\000n\000\040\000l\000a\000\040\000n\000u\000b\000e}{section.1.4}% 9
\BOOKMARK [2][-]{subsection.1.4.5}{\376\377\000C\000a\000p\000\355\000t\000u\000l\000o\000\040\0007\000:\000\040\000A\000n\000\341\000l\000i\000s\000i\000s\000\040\000e\000s\000p\000e\000c\000t\000r\000a\000l\000\040\000y\000\040\000l\000o\000c\000a\000l\000i\000z\000a\000c\000i\000\363\000n\000\040\000e\000n\000\040\000l\000a\000\040\000n\000u\000b\000e}{section.1.4}% 10
\BOOKMARK [2][-]{subsection.1.4.6}{\376\377\000A\000n\000e\000x\000o\000\040\000A\000:\000\040\000T\000\351\000c\000n\000i\000c\000a\000\040\000d\000e\000\040\000d\000e\000s\000a\000r\000r\000o\000l\000l\000o\000\040\000c\000o\000n\000\040\000a\000g\000e\000n\000t\000e\000s\000\040\000I\000A}{section.1.4}% 11
\BOOKMARK [1][-]{section.1.5}{\376\377\000C\000o\000n\000v\000e\000n\000c\000i\000o\000n\000e\000s\000\040\000d\000e\000l\000\040\000d\000o\000c\000u\000m\000e\000n\000t\000o}{chapter.1}% 12
\BOOKMARK [0][-]{chapter.2}{\376\377\000A\000n\000\341\000l\000i\000s\000i\000s\000\040\000d\000e\000\040\000r\000e\000q\000u\000e\000r\000i\000m\000i\000e\000n\000t\000o\000s\000,\000\040\000r\000e\000s\000t\000r\000i\000c\000c\000i\000o\000n\000e\000s\000\040\000y\000\040\000u\000s\000o}{}% 13
\BOOKMARK [1][-]{section.2.1}{\376\377\000P\000r\000o\000p\000\363\000s\000i\000t\000o\000\040\000d\000e\000l\000\040\000c\000a\000p\000\355\000t\000u\000l\000o}{chapter.2}% 14
\BOOKMARK [1][-]{section.2.2}{\376\377\000C\000o\000n\000t\000e\000x\000t\000o\000\040\000d\000e\000n\000t\000r\000o\000\040\000d\000e\000l\000\040\000s\000i\000s\000t\000e\000m\000a\000\040\000g\000e\000n\000e\000r\000a\000l}{chapter.2}% 15
\BOOKMARK [1][-]{section.2.3}{\376\377\000D\000e\000s\000a\000r\000r\000o\000l\000l\000o\000\040\000t\000\351\000c\000n\000i\000c\000o\000:\000\040\000r\000e\000q\000u\000e\000r\000i\000m\000i\000e\000n\000t\000o\000s\000\040\000p\000o\000r\000\040\000c\000a\000t\000e\000g\000o\000r\000\355\000a}{chapter.2}% 16
\BOOKMARK [2][-]{subsection.2.3.1}{\376\377\000R\000e\000q\000u\000e\000r\000i\000m\000i\000e\000n\000t\000o\000s\000\040\000d\000e\000\040\000a\000r\000q\000u\000i\000t\000e\000c\000t\000u\000r\000a}{section.2.3}% 17
\BOOKMARK [2][-]{subsection.2.3.2}{\376\377\000R\000e\000q\000u\000e\000r\000i\000m\000i\000e\000n\000t\000o\000s\000\040\000f\000u\000n\000c\000i\000o\000n\000a\000l\000e\000s}{section.2.3}% 18
\BOOKMARK [2][-]{subsection.2.3.3}{\376\377\000R\000e\000q\000u\000e\000r\000i\000m\000i\000e\000n\000t\000o\000s\000\040\000d\000e\000\040\000r\000e\000d}{section.2.3}% 19
\BOOKMARK [2][-]{subsection.2.3.4}{\376\377\000R\000e\000q\000u\000e\000r\000i\000m\000i\000e\000n\000t\000o\000s\000\040\000d\000e\000\040\000h\000a\000r\000d\000w\000a\000r\000e}{section.2.3}% 20
\BOOKMARK [2][-]{subsection.2.3.5}{\376\377\000R\000e\000q\000u\000e\000r\000i\000m\000i\000e\000n\000t\000o\000s\000\040\000d\000e\000\040\000e\000x\000a\000c\000t\000i\000t\000u\000d\000\040\000y\000\040\000c\000o\000n\000f\000i\000a\000b\000i\000l\000i\000d\000a\000d}{section.2.3}% 21
\BOOKMARK [2][-]{subsection.2.3.6}{\376\377\000R\000e\000q\000u\000e\000r\000i\000m\000i\000e\000n\000t\000o\000s\000\040\000d\000e\000\040\000i\000n\000t\000e\000r\000o\000p\000e\000r\000a\000b\000i\000l\000i\000d\000a\000d}{section.2.3}% 22
\BOOKMARK [1][-]{section.2.4}{\376\377\000E\000n\000t\000r\000a\000d\000a\000s\000,\000\040\000s\000a\000l\000i\000d\000a\000s\000\040\000e\000\040\000i\000n\000t\000e\000r\000f\000a\000c\000e\000s}{chapter.2}% 23
\BOOKMARK [1][-]{section.2.5}{\376\377\000D\000e\000c\000i\000s\000i\000o\000n\000e\000s\000\040\000d\000e\000\040\000d\000i\000s\000e\000\361\000o\000\040\000o\000\040\000i\000m\000p\000l\000e\000m\000e\000n\000t\000a\000c\000i\000\363\000n}{chapter.2}% 24
\BOOKMARK [1][-]{section.2.6}{\376\377\000P\000r\000o\000b\000l\000e\000m\000a\000s\000\040\000p\000r\000e\000s\000e\000n\000t\000a\000d\000o\000s\000\040\000y\000\040\000a\000j\000u\000s\000t\000e\000s\000\040\000r\000e\000a\000l\000i\000z\000a\000d\000o\000s}{chapter.2}% 25
\BOOKMARK [1][-]{section.2.7}{\376\377\000V\000a\000l\000i\000d\000a\000c\000i\000\363\000n\000,\000\040\000p\000r\000u\000e\000b\000a\000s\000\040\000o\000\040\000e\000v\000i\000d\000e\000n\000c\000i\000a\000s}{chapter.2}% 26
\BOOKMARK [1][-]{section.2.8}{\376\377\000A\000p\000r\000e\000n\000d\000i\000z\000a\000j\000e\000s\000\040\000y\000\040\000t\000r\000a\000n\000s\000f\000e\000r\000e\000n\000c\000i\000a\000\040\000d\000e\000\040\000c\000o\000n\000o\000c\000i\000m\000i\000e\000n\000t\000o}{chapter.2}% 27
\BOOKMARK [1][-]{section.2.9}{\376\377\000L\000i\000m\000i\000t\000a\000c\000i\000o\000n\000e\000s}{chapter.2}% 28
\BOOKMARK [1][-]{section.2.10}{\376\377\000R\000e\000c\000o\000m\000e\000n\000d\000a\000c\000i\000o\000n\000e\000s\000\040\000e\000s\000p\000e\000c\000\355\000f\000i\000c\000a\000s}{chapter.2}% 29
\BOOKMARK [0][-]{chapter.3}{\376\377\000D\000i\000s\000e\000\361\000o\000\040\000g\000e\000n\000e\000r\000a\000l\000\040\000d\000e\000l\000\040\000s\000i\000s\000t\000e\000m\000a}{}% 30
\BOOKMARK [1][-]{section.3.1}{\376\377\000P\000r\000o\000p\000\363\000s\000i\000t\000o\000\040\000d\000e\000l\000\040\000c\000a\000p\000\355\000t\000u\000l\000o}{chapter.3}% 31
\BOOKMARK [1][-]{section.3.2}{\376\377\000C\000o\000n\000t\000e\000x\000t\000o\000\040\000d\000e\000n\000t\000r\000o\000\040\000d\000e\000l\000\040\000s\000i\000s\000t\000e\000m\000a\000\040\000g\000e\000n\000e\000r\000a\000l}{chapter.3}% 32
\BOOKMARK [1][-]{section.3.3}{\376\377\000D\000e\000s\000a\000r\000r\000o\000l\000l\000o\000\040\000t\000\351\000c\000n\000i\000c\000o}{chapter.3}% 33
\BOOKMARK [1][-]{section.3.4}{\376\377\000E\000n\000t\000r\000a\000d\000a\000s\000,\000\040\000s\000a\000l\000i\000d\000a\000s\000\040\000e\000\040\000i\000n\000t\000e\000r\000f\000a\000c\000e\000s}{chapter.3}% 34
\BOOKMARK [1][-]{section.3.5}{\376\377\000D\000e\000c\000i\000s\000i\000o\000n\000e\000s\000\040\000d\000e\000\040\000d\000i\000s\000e\000\361\000o\000\040\000o\000\040\000i\000m\000p\000l\000e\000m\000e\000n\000t\000a\000c\000i\000\363\000n}{chapter.3}% 35
\BOOKMARK [1][-]{section.3.6}{\376\377\000P\000r\000o\000b\000l\000e\000m\000a\000s\000\040\000p\000r\000e\000s\000e\000n\000t\000a\000d\000o\000s\000\040\000y\000\040\000a\000j\000u\000s\000t\000e\000s\000\040\000r\000e\000a\000l\000i\000z\000a\000d\000o\000s}{chapter.3}% 36
\BOOKMARK [1][-]{section.3.7}{\376\377\000V\000a\000l\000i\000d\000a\000c\000i\000\363\000n\000,\000\040\000p\000r\000u\000e\000b\000a\000s\000\040\000o\000\040\000e\000v\000i\000d\000e\000n\000c\000i\000a\000s}{chapter.3}% 37
\BOOKMARK [1][-]{section.3.8}{\376\377\000A\000p\000r\000e\000n\000d\000i\000z\000a\000j\000e\000s\000\040\000y\000\040\000t\000r\000a\000n\000s\000f\000e\000r\000e\000n\000c\000i\000a\000\040\000d\000e\000\040\000c\000o\000n\000o\000c\000i\000m\000i\000e\000n\000t\000o}{chapter.3}% 38
\BOOKMARK [1][-]{section.3.9}{\376\377\000L\000i\000m\000i\000t\000a\000c\000i\000o\000n\000e\000s}{chapter.3}% 39
\BOOKMARK [1][-]{section.3.10}{\376\377\000R\000e\000c\000o\000m\000e\000n\000d\000a\000c\000i\000o\000n\000e\000s\000\040\000e\000s\000p\000e\000c\000\355\000f\000i\000c\000a\000s}{chapter.3}% 40
\BOOKMARK [0][-]{chapter.4}{\376\377\000H\000a\000r\000d\000w\000a\000r\000e}{}% 41
\BOOKMARK [1][-]{section.4.1}{\376\377\000P\000r\000o\000p\000\363\000s\000i\000t\000o\000\040\000d\000e\000l\000\040\000c\000a\000p\000\355\000t\000u\000l\000o}{chapter.4}% 42
\BOOKMARK [1][-]{section.4.2}{\376\377\000C\000o\000n\000t\000e\000x\000t\000o\000\040\000d\000e\000n\000t\000r\000o\000\040\000d\000e\000l\000\040\000s\000i\000s\000t\000e\000m\000a\000\040\000g\000e\000n\000e\000r\000a\000l}{chapter.4}% 43
\BOOKMARK [1][-]{section.4.3}{\376\377\000D\000e\000s\000a\000r\000r\000o\000l\000l\000o\000\040\000t\000\351\000c\000n\000i\000c\000o}{chapter.4}% 44
\BOOKMARK [2][-]{subsection.4.3.1}{\376\377\000A\000r\000q\000u\000i\000t\000e\000c\000t\000u\000r\000a\000\040\000f\000\355\000s\000i\000c\000a\000\040\000d\000e\000l\000\040\000n\000o\000d\000o}{section.4.3}% 45
\BOOKMARK [2][-]{subsection.4.3.2}{\376\377\000R\000u\000t\000a\000\040\000R\000F\000\040\000y\000\040\000m\000u\000x\000\040\000d\000e\000\040\000a\000n\000t\000e\000n\000a\000s}{section.4.3}% 46
\BOOKMARK [2][-]{subsection.4.3.3}{\376\377\000\301\000r\000b\000o\000l\000\040\000d\000e\000\040\000p\000o\000t\000e\000n\000c\000i\000a}{section.4.3}% 47
\BOOKMARK [1][-]{section.4.4}{\376\377\000E\000n\000t\000r\000a\000d\000a\000s\000,\000\040\000s\000a\000l\000i\000d\000a\000s\000\040\000e\000\040\000i\000n\000t\000e\000r\000f\000a\000c\000e\000s}{chapter.4}% 48
\BOOKMARK [1][-]{section.4.5}{\376\377\000D\000e\000c\000i\000s\000i\000o\000n\000e\000s\000\040\000d\000e\000\040\000d\000i\000s\000e\000\361\000o\000\040\000o\000\040\000i\000m\000p\000l\000e\000m\000e\000n\000t\000a\000c\000i\000\363\000n}{chapter.4}% 49
\BOOKMARK [1][-]{section.4.6}{\376\377\000P\000r\000o\000b\000l\000e\000m\000a\000s\000\040\000p\000r\000e\000s\000e\000n\000t\000a\000d\000o\000s\000\040\000y\000\040\000a\000j\000u\000s\000t\000e\000s\000\040\000r\000e\000a\000l\000i\000z\000a\000d\000o\000s}{chapter.4}% 50
\BOOKMARK [1][-]{section.4.7}{\376\377\000V\000a\000l\000i\000d\000a\000c\000i\000\363\000n\000,\000\040\000p\000r\000u\000e\000b\000a\000s\000\040\000o\000\040\000e\000v\000i\000d\000e\000n\000c\000i\000a\000s}{chapter.4}% 51
\BOOKMARK [1][-]{section.4.8}{\376\377\000A\000p\000r\000e\000n\000d\000i\000z\000a\000j\000e\000s\000\040\000y\000\040\000t\000r\000a\000n\000s\000f\000e\000r\000e\000n\000c\000i\000a\000\040\000d\000e\000\040\000c\000o\000n\000o\000c\000i\000m\000i\000e\000n\000t\000o}{chapter.4}% 52
\BOOKMARK [1][-]{section.4.9}{\376\377\000L\000i\000m\000i\000t\000a\000c\000i\000o\000n\000e\000s}{chapter.4}% 53
\BOOKMARK [1][-]{section.4.10}{\376\377\000R\000e\000c\000o\000m\000e\000n\000d\000a\000c\000i\000o\000n\000e\000s\000\040\000e\000s\000p\000e\000c\000\355\000f\000i\000c\000a\000s}{chapter.4}% 54
\BOOKMARK [0][-]{chapter.5}{\376\377\000S\000o\000f\000t\000w\000a\000r\000e\000\040\000d\000e\000l\000\040\000s\000e\000n\000s\000o\000r}{}% 55
\BOOKMARK [1][-]{section.5.1}{\376\377\000P\000r\000o\000p\000\363\000s\000i\000t\000o\000\040\000d\000e\000l\000\040\000c\000a\000p\000\355\000t\000u\000l\000o}{chapter.5}% 56
\BOOKMARK [1][-]{section.5.2}{\376\377\000C\000o\000n\000t\000e\000x\000t\000o\000\040\000d\000e\000n\000t\000r\000o\000\040\000d\000e\000l\000\040\000s\000i\000s\000t\000e\000m\000a\000\040\000g\000e\000n\000e\000r\000a\000l}{chapter.5}% 57
\BOOKMARK [1][-]{section.5.3}{\376\377\000D\000e\000s\000a\000r\000r\000o\000l\000l\000o\000\040\000t\000\351\000c\000n\000i\000c\000o}{chapter.5}% 58
\BOOKMARK [2][-]{subsection.5.3.1}{\376\377\000A\000d\000q\000u\000i\000s\000i\000c\000i\000\363\000n}{section.5.3}% 59
\BOOKMARK [2][-]{subsection.5.3.2}{\376\377\000U\000s\000o\000\040\000d\000e\000\040\000b\000u\000f\000f\000e\000r\000s}{section.5.3}% 60
\BOOKMARK [2][-]{subsection.5.3.3}{\376\377\000P\000r\000e\000p\000r\000o\000c\000e\000s\000a\000m\000i\000e\000n\000t\000o}{section.5.3}% 61
\BOOKMARK [2][-]{subsection.5.3.4}{\376\377\000P\000r\000o\000c\000e\000s\000a\000m\000i\000e\000n\000t\000o}{section.5.3}% 62
\BOOKMARK [2][-]{subsection.5.3.5}{\376\377\000P\000o\000s\000t\000p\000r\000o\000c\000e\000s\000a\000m\000i\000e\000n\000t\000o}{section.5.3}% 63
\BOOKMARK [2][-]{subsection.5.3.6}{\376\377\000C\000a\000l\000i\000b\000r\000a\000c\000i\000\363\000n\000\040\000e\000n\000\040\000f\000r\000e\000c\000u\000e\000n\000c\000i\000a}{section.5.3}% 64
\BOOKMARK [2][-]{subsection.5.3.7}{\376\377\000O\000r\000q\000u\000e\000s\000t\000a\000d\000o\000r}{section.5.3}% 65
\BOOKMARK [1][-]{section.5.4}{\376\377\000E\000n\000t\000r\000a\000d\000a\000s\000,\000\040\000s\000a\000l\000i\000d\000a\000s\000\040\000e\000\040\000i\000n\000t\000e\000r\000f\000a\000c\000e\000s}{chapter.5}% 66
\BOOKMARK [2][-]{subsection.5.4.1}{\376\377\000E\000n\000t\000r\000a\000d\000a\000s}{section.5.4}% 67
\BOOKMARK [2][-]{subsection.5.4.2}{\376\377\000S\000a\000l\000i\000d\000a\000s}{section.5.4}% 68
\BOOKMARK [2][-]{subsection.5.4.3}{\376\377\000I\000n\000t\000e\000r\000f\000a\000c\000e\000s\000\040\000y\000\040\000p\000r\000o\000t\000o\000c\000o\000l\000o\000s}{section.5.4}% 69
\BOOKMARK [1][-]{section.5.5}{\376\377\000D\000e\000c\000i\000s\000i\000o\000n\000e\000s\000\040\000d\000e\000\040\000d\000i\000s\000e\000\361\000o\000\040\000o\000\040\000i\000m\000p\000l\000e\000m\000e\000n\000t\000a\000c\000i\000\363\000n}{chapter.5}% 70
\BOOKMARK [1][-]{section.5.6}{\376\377\000P\000r\000o\000b\000l\000e\000m\000a\000s\000\040\000p\000r\000e\000s\000e\000n\000t\000a\000d\000o\000s\000\040\000y\000\040\000a\000j\000u\000s\000t\000e\000s\000\040\000r\000e\000a\000l\000i\000z\000a\000d\000o\000s}{chapter.5}% 71
\BOOKMARK [1][-]{section.5.7}{\376\377\000V\000a\000l\000i\000d\000a\000c\000i\000\363\000n\000,\000\040\000p\000r\000u\000e\000b\000a\000s\000\040\000o\000\040\000e\000v\000i\000d\000e\000n\000c\000i\000a\000s}{chapter.5}% 72
\BOOKMARK [1][-]{section.5.8}{\376\377\000A\000p\000r\000e\000n\000d\000i\000z\000a\000j\000e\000s\000\040\000y\000\040\000t\000r\000a\000n\000s\000f\000e\000r\000e\000n\000c\000i\000a\000\040\000d\000e\000\040\000c\000o\000n\000o\000c\000i\000m\000i\000e\000n\000t\000o}{chapter.5}% 73
\BOOKMARK [1][-]{section.5.9}{\376\377\000L\000i\000m\000i\000t\000a\000c\000i\000o\000n\000e\000s}{chapter.5}% 74
\BOOKMARK [1][-]{section.5.10}{\376\377\000R\000e\000c\000o\000m\000e\000n\000d\000a\000c\000i\000o\000n\000e\000s\000\040\000e\000s\000p\000e\000c\000\355\000f\000i\000c\000a\000s}{chapter.5}% 75
\BOOKMARK [0][-]{chapter.6}{\376\377\000P\000l\000a\000t\000a\000f\000o\000r\000m\000a\000\040\000w\000e\000b\000\040\000e\000n\000\040\000l\000a\000\040\000n\000u\000b\000e}{}% 76
\BOOKMARK [1][-]{section.6.1}{\376\377\000P\000r\000o\000p\000\363\000s\000i\000t\000o\000\040\000d\000e\000l\000\040\000c\000a\000p\000\355\000t\000u\000l\000o}{chapter.6}% 77
\BOOKMARK [1][-]{section.6.2}{\376\377\000C\000o\000n\000t\000e\000x\000t\000o\000\040\000d\000e\000n\000t\000r\000o\000\040\000d\000e\000l\000\040\000s\000i\000s\000t\000e\000m\000a\000\040\000g\000e\000n\000e\000r\000a\000l}{chapter.6}% 78
\BOOKMARK [1][-]{section.6.3}{\376\377\000D\000e\000s\000a\000r\000r\000o\000l\000l\000o\000\040\000t\000\351\000c\000n\000i\000c\000o}{chapter.6}% 79
\BOOKMARK [2][-]{subsection.6.3.1}{\376\377\000F\000r\000o\000n\000t\000e\000n\000d}{section.6.3}% 80
\BOOKMARK [2][-]{subsection.6.3.2}{\376\377\000B\000a\000c\000k\000e\000n\000d}{section.6.3}% 81
\BOOKMARK [2][-]{subsection.6.3.3}{\376\377\000B\000a\000s\000e\000\040\000d\000e\000\040\000d\000a\000t\000o\000s}{section.6.3}% 82
\BOOKMARK [2][-]{subsection.6.3.4}{\376\377\000D\000e\000s\000p\000l\000i\000e\000g\000u\000e}{section.6.3}% 83
\BOOKMARK [1][-]{section.6.4}{\376\377\000E\000n\000t\000r\000a\000d\000a\000s\000,\000\040\000s\000a\000l\000i\000d\000a\000s\000\040\000e\000\040\000i\000n\000t\000e\000r\000f\000a\000c\000e\000s}{chapter.6}% 84
\BOOKMARK [2][-]{subsection.6.4.1}{\376\377\000E\000n\000t\000r\000a\000d\000a\000s}{section.6.4}% 85
\BOOKMARK [2][-]{subsection.6.4.2}{\376\377\000S\000a\000l\000i\000d\000a\000s}{section.6.4}% 86
\BOOKMARK [2][-]{subsection.6.4.3}{\376\377\000I\000n\000t\000e\000r\000f\000a\000c\000e\000s}{section.6.4}% 87
\BOOKMARK [1][-]{section.6.5}{\376\377\000D\000e\000c\000i\000s\000i\000o\000n\000e\000s\000\040\000d\000e\000\040\000d\000i\000s\000e\000\361\000o\000\040\000o\000\040\000i\000m\000p\000l\000e\000m\000e\000n\000t\000a\000c\000i\000\363\000n}{chapter.6}% 88
\BOOKMARK [2][-]{subsection.6.5.1}{\376\377\000S\000e\000p\000a\000r\000a\000c\000i\000\363\000n\000\040\000f\000r\000o\000n\000t\000e\000n\000d\000/\000b\000a\000c\000k\000e\000n\000d\000\040\000c\000o\000n\000\040\000A\000P\000I\000\040\000R\000E\000S\000T}{section.6.5}% 89
\BOOKMARK [2][-]{subsection.6.5.2}{\376\377\000W\000e\000b\000S\000o\000c\000k\000e\000t\000\040\000s\000o\000b\000r\000e\000\040\000p\000o\000l\000l\000i\000n\000g\000\040\000p\000a\000r\000a\000\040\000t\000i\000e\000m\000p\000o\000\040\000r\000e\000a\000l}{section.6.5}% 90
\BOOKMARK [2][-]{subsection.6.5.3}{\376\377\000P\000o\000s\000t\000g\000r\000e\000S\000Q\000L\000\040\000y\000\040\000T\000i\000m\000e\000s\000c\000a\000l\000e\000D\000B\000\040\000p\000a\000r\000a\000\040\000d\000a\000t\000o\000s\000\040\000d\000e\000\040\000s\000e\000r\000i\000e\000s\000\040\000t\000e\000m\000p\000o\000r\000a\000l\000e\000s}{section.6.5}% 91
\BOOKMARK [2][-]{subsection.6.5.4}{\376\377\000M\000i\000c\000r\000o\000s\000e\000r\000v\000i\000c\000i\000o\000\040\000d\000e\000\040\000p\000o\000s\000t\000p\000r\000o\000c\000e\000s\000a\000m\000i\000e\000n\000t\000o\000\040\000e\000n\000\040\000P\000y\000t\000h\000o\000n}{section.6.5}% 92
\BOOKMARK [2][-]{subsection.6.5.5}{\376\377\000S\000e\000p\000a\000r\000a\000c\000i\000\363\000n\000\040\000d\000e\000\040\000c\000a\000n\000a\000l\000e\000s\000\040\000W\000e\000b\000S\000o\000c\000k\000e\000t\000\040\000p\000a\000r\000a\000\040\000d\000a\000t\000o\000s\000\040\000y\000\040\000a\000u\000d\000i\000o}{section.6.5}% 93
\BOOKMARK [1][-]{section.6.6}{\376\377\000P\000r\000o\000b\000l\000e\000m\000a\000s\000\040\000p\000r\000e\000s\000e\000n\000t\000a\000d\000o\000s\000\040\000y\000\040\000a\000j\000u\000s\000t\000e\000s\000\040\000r\000e\000a\000l\000i\000z\000a\000d\000o\000s}{chapter.6}% 94
\BOOKMARK [1][-]{section.6.7}{\376\377\000V\000a\000l\000i\000d\000a\000c\000i\000\363\000n\000,\000\040\000p\000r\000u\000e\000b\000a\000s\000\040\000o\000\040\000e\000v\000i\000d\000e\000n\000c\000i\000a\000s}{chapter.6}% 95
\BOOKMARK [1][-]{section.6.8}{\376\377\000A\000p\000r\000e\000n\000d\000i\000z\000a\000j\000e\000s\000\040\000y\000\040\000t\000r\000a\000n\000s\000f\000e\000r\000e\000n\000c\000i\000a\000\040\000d\000e\000\040\000c\000o\000n\000o\000c\000i\000m\000i\000e\000n\000t\000o}{chapter.6}% 96
\BOOKMARK [1][-]{section.6.9}{\376\377\000L\000i\000m\000i\000t\000a\000c\000i\000o\000n\000e\000s}{chapter.6}% 97
\BOOKMARK [1][-]{section.6.10}{\376\377\000R\000e\000c\000o\000m\000e\000n\000d\000a\000c\000i\000o\000n\000e\000s\000\040\000e\000s\000p\000e\000c\000\355\000f\000i\000c\000a\000s}{chapter.6}% 98
\BOOKMARK [1][-]{section.6.11}{\376\377\000R\000e\000p\000o\000s\000i\000t\000o\000r\000i\000o\000s}{chapter.6}% 99
\BOOKMARK [0][-]{chapter.7}{\376\377\000A\000n\000\341\000l\000i\000s\000i\000s\000\040\000e\000s\000p\000e\000c\000t\000r\000a\000l\000\040\000y\000\040\000l\000o\000c\000a\000l\000i\000z\000a\000c\000i\000\363\000n\000\040\000e\000n\000\040\000l\000a\000\040\000n\000u\000b\000e}{}% 100
\BOOKMARK [1][-]{section.7.1}{\376\377\0001\000.\000\040\000P\000r\000o\000p\000\363\000s\000i\000t\000o\000\040\000d\000e\000\040\000l\000a\000\040\000s\000e\000c\000c\000i\000\363\000n}{chapter.7}% 101
\BOOKMARK [1][-]{section.7.2}{\376\377\0002\000.\000\040\000C\000o\000n\000t\000e\000x\000t\000o\000\040\000d\000e\000l\000\040\000m\000\363\000d\000u\000l\000o\000\040\000d\000e\000n\000t\000r\000o\000\040\000d\000e\000l\000\040\000s\000i\000s\000t\000e\000m\000a\000\040\000A\000N\000E\000-\000H\000X}{chapter.7}% 102
\BOOKMARK [1][-]{section.7.3}{\376\377\0003\000.\000\040\000A\000r\000q\000u\000i\000t\000e\000c\000t\000u\000r\000a\000\040\000d\000e\000l\000\040\000m\000\363\000d\000u\000l\000o\000\040\000d\000e\000\040\000p\000o\000s\000t\000p\000r\000o\000c\000e\000s\000a\000m\000i\000e\000n\000t\000o}{chapter.7}% 103
\BOOKMARK [1][-]{section.7.4}{\376\377\0004\000.\000\040\000F\000l\000u\000j\000o\000\040\000g\000e\000n\000e\000r\000a\000l\000\040\000d\000e\000\040\000p\000r\000o\000c\000e\000s\000a\000m\000i\000e\000n\000t\000o}{chapter.7}% 104
\BOOKMARK [1][-]{section.7.5}{\376\377\0005\000.\000\040\000E\000n\000t\000r\000a\000d\000a\000s\000\040\000d\000e\000l\000\040\000s\000i\000s\000t\000e\000m\000a}{chapter.7}% 105
\BOOKMARK [1][-]{section.7.6}{\376\377\0006\000.\000\040\000S\000a\000l\000i\000d\000a\000s\000\040\000d\000e\000l\000\040\000s\000i\000s\000t\000e\000m\000a}{chapter.7}% 106
\BOOKMARK [1][-]{section.7.7}{\376\377\0007\000.\000\040\000M\000o\000d\000o\000s\000\040\000d\000e\000\040\000o\000p\000e\000r\000a\000c\000i\000\363\000n}{chapter.7}% 107
\BOOKMARK [2][-]{subsection.7.7.1}{\376\377\000D\000e\000t\000e\000c\000c\000i\000\363\000n\000\040\000a\000u\000t\000o\000m\000\341\000t\000i\000c\000a}{section.7.7}% 108
\BOOKMARK [2][-]{subsection.7.7.2}{\376\377\000A\000n\000\341\000l\000i\000s\000i\000s\000\040\000p\000o\000r\000\040\000p\000i\000c\000o\000s}{section.7.7}% 109
\BOOKMARK [2][-]{subsection.7.7.3}{\376\377\000C\000u\000m\000p\000l\000i\000m\000i\000e\000n\000t\000o\000\040\000c\000o\000n\000t\000r\000a\000\040\000l\000i\000c\000e\000n\000c\000i\000a\000s}{section.7.7}% 110
\BOOKMARK [1][-]{section.7.8}{\376\377\0008\000.\000\040\000A\000n\000\341\000l\000i\000s\000i\000s\000\040\000e\000s\000p\000e\000c\000t\000r\000a\000l\000\040\000r\000e\000a\000l\000i\000z\000a\000d\000o}{chapter.7}% 111
\BOOKMARK [2][-]{subsection.7.8.1}{\376\377\000F\000r\000e\000c\000u\000e\000n\000c\000i\000a\000\040\000c\000e\000n\000t\000r\000a\000l}{section.7.8}% 112
\BOOKMARK [2][-]{subsection.7.8.2}{\376\377\000A\000n\000c\000h\000o\000\040\000d\000e\000\040\000b\000a\000n\000d\000a}{section.7.8}% 113
\BOOKMARK [2][-]{subsection.7.8.3}{\376\377\000P\000o\000t\000e\000n\000c\000i\000a}{section.7.8}% 114
\BOOKMARK [2][-]{subsection.7.8.4}{\376\377\000M\000E\000R\000/\000B\000E\000R\000\040\000s\000i\000\040\000a\000p\000l\000i\000c\000a}{section.7.8}% 115
\BOOKMARK [1][-]{section.7.9}{\376\377\0009\000.\000\040\000C\000o\000m\000p\000a\000r\000a\000c\000i\000\363\000n\000\040\000c\000o\000n\000t\000r\000a\000\040\000l\000i\000c\000e\000n\000c\000i\000a\000s\000\040\000y\000\040\000u\000s\000o\000\040\000d\000e\000\040\000D\000A\000N\000E\000/\000m\000u\000n\000i\000c\000i\000p\000i\000o}{chapter.7}% 116
\BOOKMARK [2][-]{subsection.7.9.1}{\376\377\0001\000.\000\040\000F\000i\000l\000t\000r\000a\000d\000o\000\040\000g\000e\000o\000g\000r\000\341\000f\000i\000c\000o\000\040\000y\000\040\000a\000s\000o\000c\000i\000a\000c\000i\000\363\000n\000\040\000d\000e\000\040\000l\000i\000c\000e\000n\000c\000i\000a}{section.7.9}% 117
\BOOKMARK [2][-]{subsection.7.9.2}{\376\377\0002\000.\000\040\000C\000r\000i\000t\000e\000r\000i\000o\000s\000\040\000d\000e\000\040\000c\000u\000m\000p\000l\000i\000m\000i\000e\000n\000t\000o\000\040\000t\000\351\000c\000n\000i\000c\000o}{section.7.9}% 118
\BOOKMARK [2][-]{subsection.7.9.3}{\376\377\0003\000.\000\040\000M\000a\000n\000e\000j\000o\000\040\000d\000e\000\040\000m\000\372\000l\000t\000i\000p\000l\000e\000s\000\040\000j\000u\000r\000i\000s\000d\000i\000c\000c\000i\000o\000n\000e\000s\000\040\000\050\000M\000\372\000l\000t\000i\000p\000l\000e\000s\000\040\000D\000A\000N\000E\000\051}{section.7.9}% 119
\BOOKMARK [1][-]{section.7.10}{\376\377\0001\0000\000.\000\040\000L\000o\000c\000a\000l\000i\000z\000a\000c\000i\000\363\000n\000\040\000a\000d\000m\000i\000n\000i\000s\000t\000r\000a\000t\000i\000v\000a}{chapter.7}% 120
\BOOKMARK [2][-]{subsection.7.10.1}{\376\377\0001\000.\000\040\000O\000r\000i\000g\000e\000n\000\040\000d\000e\000l\000\040\000p\000a\000r\000\341\000m\000e\000t\000r\000o\000\040\000t\000e\000r\000r\000i\000t\000o\000r\000i\000a\000l}{section.7.10}% 121
\BOOKMARK [2][-]{subsection.7.10.2}{\376\377\0002\000.\000\040\000R\000e\000g\000l\000a\000s\000\040\000d\000e\000\040\000i\000n\000t\000e\000r\000p\000r\000e\000t\000a\000c\000i\000\363\000n\000\040\000y\000\040\000j\000e\000r\000a\000r\000q\000u\000\355\000a\000\040\000d\000e\000\040\000p\000r\000i\000o\000r\000i\000d\000a\000d}{section.7.10}% 122
\BOOKMARK [2][-]{subsection.7.10.3}{\376\377\0003\000.\000\040\000N\000o\000r\000m\000a\000l\000i\000z\000a\000c\000i\000\363\000n\000\040\000d\000e\000\040\000t\000e\000x\000t\000o\000\040\000y\000\040\000e\000m\000p\000a\000r\000e\000j\000a\000m\000i\000e\000n\000t\000o\000\040\000\050\000M\000a\000t\000c\000h\000i\000n\000g\000\051}{section.7.10}% 123
\BOOKMARK [1][-]{section.7.11}{\376\377\0001\0001\000.\000\040\000I\000n\000t\000e\000r\000f\000a\000c\000e\000s\000\040\000d\000e\000l\000\040\000m\000\363\000d\000u\000l\000o}{chapter.7}% 124
\BOOKMARK [1][-]{section.7.12}{\376\377\0001\0002\000.\000\040\000D\000e\000c\000i\000s\000i\000o\000n\000e\000s\000\040\000d\000e\000\040\000d\000i\000s\000e\000\361\000o}{chapter.7}% 125
\BOOKMARK [2][-]{subsection.7.12.1}{\376\377\000E\000s\000t\000i\000m\000a\000c\000i\000\363\000n\000\040\000d\000e\000\040\000F\000r\000e\000c\000u\000e\000n\000c\000i\000a\000\040\000C\000e\000n\000t\000r\000a\000l\000\040\000\050\000F\000c\000\051}{section.7.12}% 126
\BOOKMARK [2][-]{subsection.7.12.2}{\376\377\000E\000s\000t\000i\000m\000a\000c\000i\000\363\000n\000\040\000d\000e\000\040\000A\000n\000c\000h\000o\000\040\000d\000e\000\040\000B\000a\000n\000d\000a\000\040\000\050\000B\000W\000\051}{section.7.12}% 127
\BOOKMARK [2][-]{subsection.7.12.3}{\376\377\000E\000s\000t\000i\000m\000a\000c\000i\000\363\000n\000\040\000d\000e\000\040\000P\000o\000t\000e\000n\000c\000i\000a}{section.7.12}% 128
\BOOKMARK [2][-]{subsection.7.12.4}{\376\377\000E\000s\000t\000i\000m\000a\000c\000i\000\363\000n\000\040\000d\000e\000\040\000M\000E\000R\000\040\000y\000\040\000B\000E\000R}{section.7.12}% 129
\BOOKMARK [1][-]{section.7.13}{\376\377\0001\0003\000.\000\040\000P\000r\000o\000b\000l\000e\000m\000a\000s\000\040\000e\000n\000c\000o\000n\000t\000r\000a\000d\000o\000s\000\040\000y\000\040\000a\000j\000u\000s\000t\000e\000s\000\040\000r\000e\000a\000l\000i\000z\000a\000d\000o\000s}{chapter.7}% 130
\BOOKMARK [2][-]{subsection.7.13.1}{\376\377\000E\000v\000o\000l\000u\000c\000i\000\363\000n\000\040\000d\000e\000\040\000l\000a\000\040\000d\000e\000t\000e\000c\000c\000i\000\363\000n\000\040\000d\000e\000l\000\040\000p\000i\000s\000o\000\040\000d\000e\000\040\000r\000u\000i\000d\000o}{section.7.13}% 131
\BOOKMARK [2][-]{subsection.7.13.2}{\376\377\000A\000j\000u\000s\000t\000e\000\040\000f\000i\000n\000a\000l\000\040\000p\000o\000r\000\040\000r\000e\000s\000t\000r\000i\000c\000c\000i\000o\000n\000e\000s\000\040\000d\000e\000\040\000H\000a\000r\000d\000w\000a\000r\000e\000\040\000\050\000R\000a\000s\000p\000b\000e\000r\000r\000y\000\040\000P\000i\000\040\0005\000\051}{section.7.13}% 132
\BOOKMARK [1][-]{section.7.14}{\376\377\0001\0004\000.\000\040\000P\000r\000u\000e\000b\000a\000s\000\040\000o\000\040\000v\000a\000l\000i\000d\000a\000c\000i\000o\000n\000e\000s\000\040\000s\000u\000g\000e\000r\000i\000d\000a\000s}{chapter.7}% 133
\BOOKMARK [2][-]{subsection.7.14.1}{\376\377\0001\000.\000\040\000E\000s\000t\000r\000a\000t\000e\000g\000i\000a\000\040\000d\000e\000\040\000p\000r\000u\000e\000b\000a\000s\000\040\000a\000u\000t\000o\000m\000a\000t\000i\000z\000a\000d\000a\000s}{section.7.14}% 134
\BOOKMARK [2][-]{subsection.7.14.2}{\376\377\0002\000.\000\040\000M\000\351\000t\000r\000i\000c\000a\000s\000\040\000d\000e\000\040\000e\000v\000a\000l\000u\000a\000c\000i\000\363\000n\000\040\000r\000e\000c\000o\000m\000e\000n\000d\000a\000d\000a\000s}{section.7.14}% 135
\BOOKMARK [1][-]{section.7.15}{\376\377\0001\0005\000.\000\040\000L\000i\000m\000i\000t\000a\000c\000i\000o\000n\000e\000s\000\040\000a\000c\000t\000u\000a\000l\000e\000s}{chapter.7}% 136
\BOOKMARK [2][-]{subsection.7.15.1}{\376\377\0001\000.\000\040\000R\000e\000s\000t\000r\000i\000c\000c\000i\000o\000n\000e\000s\000\040\000d\000e\000\040\000c\000a\000p\000a\000c\000i\000d\000a\000d\000\040\000d\000e\000\040\000p\000r\000o\000c\000e\000s\000a\000m\000i\000e\000n\000t\000o}{section.7.15}% 137
\BOOKMARK [2][-]{subsection.7.15.2}{\376\377\0002\000.\000\040\000S\000a\000t\000u\000r\000a\000c\000i\000\363\000n\000\040\000d\000e\000l\000\040\000c\000a\000n\000a\000l\000\040\000d\000e\000\040\000t\000r\000a\000n\000s\000m\000i\000s\000i\000\363\000n\000\040\000\050\000A\000n\000c\000h\000o\000\040\000d\000e\000\040\000B\000a\000n\000d\000a\000\051}{section.7.15}% 138
\BOOKMARK [2][-]{subsection.7.15.3}{\376\377\0003\000.\000\040\000E\000s\000t\000i\000m\000a\000c\000i\000\363\000n\000\040\000d\000e\000l\000\040\000u\000m\000b\000r\000a\000l\000\040\000e\000n\000\040\000e\000n\000t\000o\000r\000n\000o\000s\000\040\000c\000o\000n\000\040\000b\000a\000j\000a\000\040\000S\000N\000R}{section.7.15}% 139
\BOOKMARK [1][-]{section.7.16}{\376\377\0001\0006\000.\000\040\000R\000e\000c\000o\000m\000e\000n\000d\000a\000c\000i\000o\000n\000e\000s\000\040\000d\000e\000\040\000m\000e\000j\000o\000r\000a}{chapter.7}% 140
\BOOKMARK [2][-]{subsection.7.16.1}{\376\377\000M\000e\000j\000o\000r\000a\000\040\000d\000e\000\040\000l\000a\000\040\000i\000n\000f\000r\000a\000e\000s\000t\000r\000u\000c\000t\000u\000r\000a\000\040\000d\000e\000\040\000c\000o\000m\000u\000n\000i\000c\000a\000c\000i\000o\000n\000e\000s}{section.7.16}% 141
\BOOKMARK [2][-]{subsection.7.16.2}{\376\377\000E\000x\000p\000l\000o\000r\000a\000c\000i\000\363\000n\000\040\000d\000e\000\040\000a\000l\000g\000o\000r\000i\000t\000m\000o\000s\000\040\000b\000a\000s\000a\000d\000o\000s\000\040\000e\000n\000\040\000I\000n\000t\000e\000l\000i\000g\000e\000n\000c\000i\000a\000\040\000A\000r\000t\000i\000f\000i\000c\000i\000a\000l\000\040\000\050\000I\000A\000\051}{section.7.16}% 142
\BOOKMARK [2][-]{subsection.7.16.3}{\376\377\000A\000c\000t\000u\000a\000l\000i\000z\000a\000c\000i\000\363\000n\000\040\000d\000e\000l\000\040\000h\000a\000r\000d\000w\000a\000r\000e\000\040\000d\000e\000\040\000p\000r\000o\000c\000e\000s\000a\000m\000i\000e\000n\000t\000o\000\040\000\050\000H\000a\000r\000d\000w\000a\000r\000e\000\040\000U\000p\000g\000r\000a\000d\000e\000\051}{section.7.16}% 143
\BOOKMARK [1][-]{section.7.17}{\376\377\0001\0007\000.\000\040\000C\000i\000e\000r\000r\000e\000\040\000t\000\351\000c\000n\000i\000c\000o\000\040\000d\000e\000\040\000l\000a\000\040\000s\000e\000c\000c\000i\000\363\000n}{chapter.7}% 144
\BOOKMARK [0][-]{section*.38}{\376\377\000P\000r\000o\000t\000o\000c\000o\000l\000o\000s\000\040\000d\000e\000\040\000p\000r\000u\000e\000b\000a\000\040\000e\000d\000g\000e\000-\000c\000l\000o\000u\000d}{}% 145
\BOOKMARK [1][-]{section.8.1}{\376\377\000O\000b\000j\000e\000t\000i\000v\000o\000\040\000d\000e\000l\000\040\000c\000a\000p\000\355\000t\000u\000l\000o}{section*.38}% 146
\BOOKMARK [1][-]{section.8.2}{\376\377\000A\000l\000c\000a\000n\000c\000e\000\040\000d\000e\000\040\000l\000a\000s\000\040\000p\000r\000u\000e\000b\000a\000s}{section*.38}% 147
\BOOKMARK [1][-]{section.8.3}{\376\377\000A\000r\000q\000u\000i\000t\000e\000c\000t\000u\000r\000a\000\040\000b\000a\000j\000o\000\040\000p\000r\000u\000e\000b\000a}{section*.38}% 148
\BOOKMARK [1][-]{section.8.4}{\376\377\000C\000r\000i\000t\000e\000r\000i\000o\000s\000\040\000g\000e\000n\000e\000r\000a\000l\000e\000s\000\040\000d\000e\000\040\000a\000c\000e\000p\000t\000a\000c\000i\000\363\000n}{section*.38}% 149
\BOOKMARK [1][-]{section.8.5}{\376\377\000E\000s\000t\000r\000a\000t\000e\000g\000i\000a\000\040\000g\000e\000n\000e\000r\000a\000l\000\040\000d\000e\000\040\000p\000r\000u\000e\000b\000a\000s}{section*.38}% 150
\BOOKMARK [2][-]{subsection.8.5.1}{\376\377\000P\000r\000u\000e\000b\000a\000s\000\040\000f\000u\000n\000c\000i\000o\000n\000a\000l\000e\000s}{section.8.5}% 151
\BOOKMARK [2][-]{subsection.8.5.2}{\376\377\000P\000r\000u\000e\000b\000a\000s\000\040\000d\000e\000\040\000i\000n\000t\000e\000g\000r\000a\000c\000i\000\363\000n\000\040\000e\000d\000g\000e}{section.8.5}% 152
\BOOKMARK [2][-]{subsection.8.5.3}{\376\377\000P\000r\000u\000e\000b\000a\000s\000\040\000d\000e\000\040\000i\000n\000t\000e\000g\000r\000a\000c\000i\000\363\000n\000\040\000e\000d\000g\000e\000-\000c\000l\000o\000u\000d}{section.8.5}% 153
\BOOKMARK [2][-]{subsection.8.5.4}{\376\377\000P\000r\000u\000e\000b\000a\000s\000\040\000m\000e\000t\000r\000o\000l\000\363\000g\000i\000c\000a\000s\000\040\000y\000\040\000e\000s\000p\000e\000c\000t\000r\000a\000l\000e\000s}{section.8.5}% 154
\BOOKMARK [2][-]{subsection.8.5.5}{\376\377\000P\000r\000u\000e\000b\000a\000s\000\040\000p\000e\000d\000a\000g\000\363\000g\000i\000c\000a\000s}{section.8.5}% 155
\BOOKMARK [1][-]{section.8.6}{\376\377\000M\000a\000t\000r\000i\000z\000\040\000g\000e\000n\000e\000r\000a\000l\000\040\000d\000e\000\040\000p\000r\000u\000e\000b\000a\000s}{section*.38}% 156
\BOOKMARK [1][-]{section.8.7}{\376\377\000P\000r\000o\000t\000o\000c\000o\000l\000o\000s\000\040\000d\000e\000t\000a\000l\000l\000a\000d\000o\000s\000\040\000d\000e\000\040\000p\000r\000u\000e\000b\000a}{section*.38}% 157
\BOOKMARK [2][-]{subsection.8.7.1}{\376\377\000P\000R\000-\000E\000C\000-\0000\0000\0001\000:\000\040\000r\000e\000g\000i\000s\000t\000r\000o\000\040\000e\000\040\000i\000d\000e\000n\000t\000i\000f\000i\000c\000a\000c\000i\000\363\000n\000\040\000d\000e\000l\000\040\000s\000e\000n\000s\000o\000r}{section.8.7}% 158
\BOOKMARK [2][-]{subsection.8.7.2}{\376\377\000P\000R\000-\000E\000C\000-\0000\0000\0002\000:\000\040\000h\000e\000a\000r\000t\000b\000e\000a\000t\000\040\000y\000\040\000s\000a\000l\000u\000d\000\040\000d\000e\000l\000\040\000s\000e\000n\000s\000o\000r}{section.8.7}% 159
\BOOKMARK [2][-]{subsection.8.7.3}{\376\377\000P\000R\000-\000E\000C\000-\0000\0000\0003\000:\000\040\000c\000o\000n\000f\000i\000g\000u\000r\000a\000c\000i\000\363\000n\000\040\000d\000e\000\040\000a\000d\000q\000u\000i\000s\000i\000c\000i\000\363\000n\000\040\000S\000D\000R}{section.8.7}% 160
\BOOKMARK [2][-]{subsection.8.7.4}{\376\377\000P\000R\000-\000E\000C\000-\0000\0000\0004\000:\000\040\000v\000a\000l\000i\000d\000a\000c\000i\000\363\000n\000\040\000d\000e\000\040\000R\000B\000W}{section.8.7}% 161
\BOOKMARK [2][-]{subsection.8.7.5}{\376\377\000P\000R\000-\000E\000C\000-\0000\0000\0005\000:\000\040\000a\000d\000q\000u\000i\000s\000i\000c\000i\000\363\000n\000\040\000I\000Q\000\040\000y\000\040\000g\000e\000n\000e\000r\000a\000c\000i\000\363\000n\000\040\000d\000e\000\040\000P\000S\000D}{section.8.7}% 162
\BOOKMARK [2][-]{subsection.8.7.6}{\376\377\000P\000R\000-\000E\000C\000-\0000\0000\0006\000:\000\040\000d\000e\000t\000e\000c\000c\000i\000\363\000n\000\040\000d\000e\000\040\000e\000m\000i\000s\000i\000o\000n\000e\000s\000\040\000p\000o\000r\000\040\000u\000m\000b\000r\000a\000l}{section.8.7}% 163
\BOOKMARK [2][-]{subsection.8.7.7}{\376\377\000P\000R\000-\000E\000C\000-\0000\0000\0007\000:\000\040\000m\000e\000d\000i\000c\000i\000\363\000n\000\040\000d\000e\000\040\000a\000n\000c\000h\000o\000\040\000d\000e\000\040\000b\000a\000n\000d\000a\000\040\000o\000c\000u\000p\000a\000d\000o}{section.8.7}% 164
\BOOKMARK [2][-]{subsection.8.7.8}{\376\377\000P\000R\000-\000E\000C\000-\0000\0000\0008\000:\000\040\000p\000r\000o\000g\000r\000a\000m\000a\000c\000i\000\363\000n\000\040\000y\000\040\000e\000j\000e\000c\000u\000c\000i\000\363\000n\000\040\000d\000e\000\040\000c\000a\000m\000p\000a\000\361\000a\000s}{section.8.7}% 165
\BOOKMARK [2][-]{subsection.8.7.9}{\376\377\000P\000R\000-\000E\000C\000-\0000\0000\0009\000:\000\040\000r\000e\000c\000u\000p\000e\000r\000a\000c\000i\000\363\000n\000\040\000a\000n\000t\000e\000\040\000p\000\351\000r\000d\000i\000d\000a\000\040\000d\000e\000\040\000c\000o\000n\000e\000c\000t\000i\000v\000i\000d\000a\000d}{section.8.7}% 166
\BOOKMARK [2][-]{subsection.8.7.10}{\376\377\000P\000R\000-\000E\000C\000-\0000\0001\0000\000:\000\040\000e\000x\000p\000o\000r\000t\000a\000c\000i\000\363\000n\000\040\000d\000e\000\040\000d\000a\000t\000o\000s}{section.8.7}% 167
\BOOKMARK [1][-]{section.8.8}{\376\377\000P\000r\000u\000e\000b\000a\000s\000\040\000m\000e\000t\000r\000o\000l\000\363\000g\000i\000c\000a\000s\000\040\000r\000e\000c\000o\000m\000e\000n\000d\000a\000d\000a\000s}{section*.38}% 168
\BOOKMARK [2][-]{subsection.8.8.1}{\376\377\000D\000A\000N\000L}{section.8.8}% 169
\BOOKMARK [2][-]{subsection.8.8.2}{\376\377\000E\000x\000a\000c\000t\000i\000t\000u\000d\000\040\000d\000e\000\040\000f\000r\000e\000c\000u\000e\000n\000c\000i\000a}{section.8.8}% 170
\BOOKMARK [2][-]{subsection.8.8.3}{\376\377\000P\000r\000e\000c\000i\000s\000i\000\363\000n\000\040\000d\000e\000\040\000a\000m\000p\000l\000i\000t\000u\000d}{section.8.8}% 171
\BOOKMARK [2][-]{subsection.8.8.4}{\376\377\000R\000a\000n\000g\000o\000\040\000d\000i\000n\000\341\000m\000i\000c\000o}{section.8.8}% 172
\BOOKMARK [1][-]{section.8.9}{\376\377\000P\000r\000u\000e\000b\000a\000s\000\040\000d\000e\000\040\000i\000n\000s\000t\000a\000l\000a\000c\000i\000\363\000n\000\040\000y\000\040\000o\000p\000e\000r\000a\000c\000i\000\363\000n\000\040\000d\000e\000\040\000c\000a\000m\000p\000o}{section*.38}% 173
\BOOKMARK [1][-]{section.8.10}{\376\377\000P\000r\000o\000b\000l\000e\000m\000a\000s\000,\000\040\000d\000e\000c\000i\000s\000i\000o\000n\000e\000s\000\040\000y\000\040\000a\000j\000u\000s\000t\000e\000s\000\040\000e\000s\000p\000e\000r\000a\000d\000o\000s}{section*.38}% 174
\BOOKMARK [1][-]{section.8.11}{\376\377\000E\000v\000i\000d\000e\000n\000c\000i\000a\000s\000\040\000m\000\355\000n\000i\000m\000a\000s\000\040\000p\000o\000r\000\040\000p\000r\000u\000e\000b\000a}{section*.38}% 175
\BOOKMARK [1][-]{section.8.12}{\376\377\000T\000r\000a\000n\000s\000f\000e\000r\000e\000n\000c\000i\000a\000\040\000d\000e\000\040\000c\000o\000n\000o\000c\000i\000m\000i\000e\000n\000t\000o}{section*.38}% 176
\BOOKMARK [1][-]{section.8.13}{\376\377\000R\000e\000c\000o\000m\000e\000n\000d\000a\000c\000i\000o\000n\000e\000s\000\040\000p\000a\000r\000a\000\040\000f\000u\000t\000u\000r\000a\000s\000\040\000p\000r\000u\000e\000b\000a\000s}{section*.38}% 177
\BOOKMARK [1][-]{section.8.14}{\376\377\000C\000o\000n\000c\000l\000u\000s\000i\000o\000n\000e\000s\000\040\000d\000e\000l\000\040\000c\000a\000p\000\355\000t\000u\000l\000o}{section*.38}% 178
\BOOKMARK [0][-]{chapter.9}{\376\377\000I\000n\000t\000e\000g\000r\000a\000c\000i\000\363\000n\000\040\000g\000e\000n\000e\000r\000a\000l\000\040\000d\000e\000l\000\040\000s\000i\000s\000t\000e\000m\000a}{}% 179
\BOOKMARK [1][-]{section.9.1}{\376\377\000P\000r\000o\000p\000\363\000s\000i\000t\000o\000\040\000d\000e\000l\000\040\000c\000a\000p\000\355\000t\000u\000l\000o}{chapter.9}% 180
\BOOKMARK [1][-]{section.9.2}{\376\377\000C\000o\000n\000t\000e\000x\000t\000o\000\040\000d\000e\000n\000t\000r\000o\000\040\000d\000e\000l\000\040\000s\000i\000s\000t\000e\000m\000a\000\040\000g\000e\000n\000e\000r\000a\000l}{chapter.9}% 181
\BOOKMARK [1][-]{section.9.3}{\376\377\000D\000e\000s\000a\000r\000r\000o\000l\000l\000o\000\040\000t\000\351\000c\000n\000i\000c\000o}{chapter.9}% 182
\BOOKMARK [1][-]{section.9.4}{\376\377\000E\000n\000t\000r\000a\000d\000a\000s\000,\000\040\000s\000a\000l\000i\000d\000a\000s\000\040\000e\000\040\000i\000n\000t\000e\000r\000f\000a\000c\000e\000s}{chapter.9}% 183
\BOOKMARK [1][-]{section.9.5}{\376\377\000D\000e\000c\000i\000s\000i\000o\000n\000e\000s\000\040\000d\000e\000\040\000d\000i\000s\000e\000\361\000o\000\040\000o\000\040\000i\000m\000p\000l\000e\000m\000e\000n\000t\000a\000c\000i\000\363\000n}{chapter.9}% 184
\BOOKMARK [1][-]{section.9.6}{\376\377\000P\000r\000o\000b\000l\000e\000m\000a\000s\000\040\000p\000r\000e\000s\000e\000n\000t\000a\000d\000o\000s\000\040\000y\000\040\000a\000j\000u\000s\000t\000e\000s\000\040\000r\000e\000a\000l\000i\000z\000a\000d\000o\000s}{chapter.9}% 185
\BOOKMARK [1][-]{section.9.7}{\376\377\000V\000a\000l\000i\000d\000a\000c\000i\000\363\000n\000,\000\040\000p\000r\000u\000e\000b\000a\000s\000\040\000o\000\040\000e\000v\000i\000d\000e\000n\000c\000i\000a\000s}{chapter.9}% 186
\BOOKMARK [1][-]{section.9.8}{\376\377\000A\000p\000r\000e\000n\000d\000i\000z\000a\000j\000e\000s\000\040\000y\000\040\000t\000r\000a\000n\000s\000f\000e\000r\000e\000n\000c\000i\000a\000\040\000d\000e\000\040\000c\000o\000n\000o\000c\000i\000m\000i\000e\000n\000t\000o}{chapter.9}% 187
\BOOKMARK [1][-]{section.9.9}{\376\377\000L\000i\000m\000i\000t\000a\000c\000i\000o\000n\000e\000s}{chapter.9}% 188
\BOOKMARK [1][-]{section.9.10}{\376\377\000R\000e\000c\000o\000m\000e\000n\000d\000a\000c\000i\000o\000n\000e\000s\000\040\000e\000s\000p\000e\000c\000\355\000f\000i\000c\000a\000s}{chapter.9}% 189
\BOOKMARK [0][-]{chapter.10}{\376\377\000C\000o\000n\000c\000l\000u\000s\000i\000o\000n\000e\000s\000\040\000g\000e\000n\000e\000r\000a\000l\000e\000s}{}% 190
\BOOKMARK [1][-]{section.10.1}{\376\377\000S\000\355\000n\000t\000e\000s\000i\000s\000\040\000d\000e\000\040\000r\000e\000s\000u\000l\000t\000a\000d\000o\000s\000\040\000t\000\351\000c\000n\000i\000c\000o\000s}{chapter.10}% 191
\BOOKMARK [1][-]{section.10.2}{\376\377\000L\000o\000g\000r\000o\000s\000\040\000d\000e\000l\000\040\000d\000i\000s\000e\000\361\000o\000\040\000e\000\040\000i\000m\000p\000l\000e\000m\000e\000n\000t\000a\000c\000i\000\363\000n}{chapter.10}% 192
\BOOKMARK [1][-]{section.10.3}{\376\377\000R\000e\000s\000u\000l\000t\000a\000d\000o\000s\000\040\000d\000e\000\040\000l\000a\000\040\000i\000n\000t\000e\000g\000r\000a\000c\000i\000\363\000n}{chapter.10}% 193
\BOOKMARK [1][-]{section.10.4}{\376\377\000L\000e\000c\000c\000i\000o\000n\000e\000s\000\040\000a\000p\000r\000e\000n\000d\000i\000d\000a\000s}{chapter.10}% 194
\BOOKMARK [1][-]{section.10.5}{\376\377\000C\000u\000m\000p\000l\000i\000m\000i\000e\000n\000t\000o\000\040\000d\000e\000\040\000o\000b\000j\000e\000t\000i\000v\000o\000s}{chapter.10}% 195
\BOOKMARK [0][-]{chapter.11}{\376\377\000R\000e\000c\000o\000m\000e\000n\000d\000a\000c\000i\000o\000n\000e\000s}{}% 196
\BOOKMARK [1][-]{section.11.1}{\376\377\000M\000e\000j\000o\000r\000a\000s\000\040\000d\000e\000\040\000a\000r\000q\000u\000i\000t\000e\000c\000t\000u\000r\000a}{chapter.11}% 197
\BOOKMARK [1][-]{section.11.2}{\376\377\000M\000e\000j\000o\000r\000a\000s\000\040\000d\000e\000\040\000h\000a\000r\000d\000w\000a\000r\000e}{chapter.11}% 198
\BOOKMARK [1][-]{section.11.3}{\376\377\000M\000e\000j\000o\000r\000a\000s\000\040\000d\000e\000\040\000s\000o\000f\000t\000w\000a\000r\000e}{chapter.11}% 199
\BOOKMARK [1][-]{section.11.4}{\376\377\000M\000e\000j\000o\000r\000a\000s\000\040\000d\000e\000\040\000d\000o\000c\000u\000m\000e\000n\000t\000a\000c\000i\000\363\000n}{chapter.11}% 200
\BOOKMARK [1][-]{section.11.5}{\376\377\000R\000e\000d\000u\000c\000c\000i\000\363\000n\000\040\000d\000e\000\040\000r\000i\000e\000s\000g\000o\000s\000\040\000i\000d\000e\000n\000t\000i\000f\000i\000c\000a\000d\000o\000s}{chapter.11}% 201
\BOOKMARK [0][-]{chapter.12}{\376\377\000R\000e\000f\000e\000r\000e\000n\000c\000i\000a\000s}{}% 202
\BOOKMARK [0][-]{appendix.Alph1}{\376\377\000T\000\351\000c\000n\000i\000c\000a\000\040\000d\000e\000\040\000d\000e\000s\000a\000r\000r\000o\000l\000l\000o\000\040\000e\000n\000\040\000g\000r\000u\000p\000o\000\040\000u\000s\000a\000n\000d\000o\000\040\000a\000g\000e\000n\000t\000e\000s\000\040\000I\000A}{}% 203
\BOOKMARK [1][-]{section.Alph1.1}{\376\377\000P\000r\000o\000p\000\363\000s\000i\000t\000o\000\040\000d\000e\000l\000\040\000c\000a\000p\000\355\000t\000u\000l\000o}{appendix.Alph1}% 204
\BOOKMARK [1][-]{section.Alph1.2}{\376\377\000C\000o\000n\000t\000e\000x\000t\000o\000\040\000d\000e\000n\000t\000r\000o\000\040\000d\000e\000l\000\040\000s\000i\000s\000t\000e\000m\000a\000\040\000g\000e\000n\000e\000r\000a\000l}{appendix.Alph1}% 205
\BOOKMARK [1][-]{section.Alph1.3}{\376\377\000D\000e\000s\000a\000r\000r\000o\000l\000l\000o\000\040\000t\000\351\000c\000n\000i\000c\000o\000:\000\040\000E\000c\000o\000s\000i\000s\000t\000e\000m\000a\000\040\000d\000e\000\040\000A\000g\000e\000n\000t\000e\000s\000\040\000C\000L\000I}{appendix.Alph1}% 206
\BOOKMARK [2][-]{subsection.Alph1.3.1}{\376\377\000I\000n\000s\000t\000a\000l\000a\000c\000i\000\363\000n\000\040\000y\000\040\000C\000o\000n\000f\000i\000g\000u\000r\000a\000c\000i\000\363\000n}{section.Alph1.3}% 207
\BOOKMARK [2][-]{subsection.Alph1.3.2}{\376\377\000A\000r\000q\000u\000i\000t\000e\000c\000t\000u\000r\000a\000\040\000M\000u\000l\000t\000i\000-\000A\000g\000e\000n\000t\000e}{section.Alph1.3}% 208
\BOOKMARK [1][-]{section.Alph1.4}{\376\377\000D\000e\000c\000i\000s\000i\000o\000n\000e\000s\000\040\000d\000e\000\040\000d\000i\000s\000e\000\361\000o\000:\000\040\000M\000e\000t\000o\000d\000o\000l\000o\000g\000\355\000a\000\040\000d\000e\000\040\000P\000r\000o\000m\000p\000t\000i\000n\000g}{appendix.Alph1}% 209
\BOOKMARK [1][-]{section.Alph1.5}{\376\377\000P\000r\000o\000b\000l\000e\000m\000a\000s\000\040\000p\000r\000e\000s\000e\000n\000t\000a\000d\000o\000s\000\040\000y\000\040\000a\000j\000u\000s\000t\000e\000s\000\040\000r\000e\000a\000l\000i\000z\000a\000d\000o\000s}{appendix.Alph1}% 210
\BOOKMARK [1][-]{section.Alph1.6}{\376\377\000V\000a\000l\000i\000d\000a\000c\000i\000\363\000n\000\040\000y\000\040\000E\000v\000i\000d\000e\000n\000c\000i\000a\000s}{appendix.Alph1}% 211
\BOOKMARK [1][-]{section.Alph1.7}{\376\377\000A\000p\000r\000e\000n\000d\000i\000z\000a\000j\000e\000s\000\040\000y\000\040\000t\000r\000a\000n\000s\000f\000e\000r\000e\000n\000c\000i\000a\000\040\000d\000e\000\040\000c\000o\000n\000o\000c\000i\000m\000i\000e\000n\000t\000o}{appendix.Alph1}% 212
\BOOKMARK [1][-]{section.Alph1.8}{\376\377\000R\000e\000c\000o\000m\000e\000n\000d\000a\000c\000i\000o\000n\000e\000s\000\040\000e\000s\000p\000e\000c\000\355\000f\000i\000c\000a\000s}{appendix.Alph1}% 213
\BOOKMARK [0][-]{appendix.Alph2}{\376\377\000D\000i\000a\000g\000r\000a\000m\000a\000s\000\040\000a\000d\000i\000c\000i\000o\000n\000a\000l\000e\000s}{}% 214
\BOOKMARK [1][-]{section.Alph2.1}{\376\377\000D\000i\000a\000g\000r\000a\000m\000a\000s\000\040\000d\000e\000\040\000a\000r\000q\000u\000i\000t\000e\000c\000t\000u\000r\000a\000\040\000e\000x\000t\000e\000n\000d\000i\000d\000a}{appendix.Alph2}% 215
\BOOKMARK [1][-]{section.Alph2.2}{\376\377\000D\000i\000a\000g\000r\000a\000m\000a\000s\000\040\000d\000e\000\040\000d\000e\000s\000p\000l\000i\000e\000g\000u\000e\000\040\000y\000\040\000c\000o\000n\000e\000c\000t\000i\000v\000i\000d\000a\000d}{appendix.Alph2}% 216
\BOOKMARK [1][-]{section.Alph2.3}{\376\377\000S\000e\000c\000u\000e\000n\000c\000i\000a\000s\000\040\000o\000p\000e\000r\000a\000t\000i\000v\000a\000s}{appendix.Alph2}% 217
\BOOKMARK [1][-]{section.Alph2.4}{\376\377\000E\000s\000q\000u\000e\000m\000a\000s\000\040\000d\000e\000t\000a\000l\000l\000a\000d\000o\000s\000\040\000d\000e\000\040\000c\000o\000m\000p\000o\000n\000e\000n\000t\000e\000s}{appendix.Alph2}% 218
\BOOKMARK [0][-]{appendix.Alph3}{\376\377\000M\000a\000n\000u\000a\000l\000e\000s\000\040\000o\000\040\000g\000u\000\355\000a\000s\000\040\000d\000e\000\040\000u\000s\000o}{}% 219
\BOOKMARK [1][-]{section.Alph3.1}{\376\377\000R\000e\000q\000u\000i\000s\000i\000t\000o\000s\000\040\000p\000r\000e\000v\000i\000o\000s\000\040\000d\000e\000\040\000i\000n\000s\000t\000a\000l\000a\000c\000i\000\363\000n}{appendix.Alph3}% 220
\BOOKMARK [1][-]{section.Alph3.2}{\376\377\000I\000n\000s\000t\000r\000u\000c\000c\000i\000o\000n\000e\000s\000\040\000d\000e\000\040\000o\000p\000e\000r\000a\000c\000i\000\363\000n\000\040\000c\000o\000t\000i\000d\000i\000a\000n\000a}{appendix.Alph3}% 221
\BOOKMARK [1][-]{section.Alph3.3}{\376\377\000S\000o\000l\000u\000c\000i\000\363\000n\000\040\000d\000e\000\040\000p\000r\000o\000b\000l\000e\000m\000a\000s\000\040\000f\000r\000e\000c\000u\000e\000n\000t\000e\000s}{appendix.Alph3}% 222
\BOOKMARK [1][-]{section.Alph3.4}{\376\377\000R\000e\000c\000o\000m\000e\000n\000d\000a\000c\000i\000o\000n\000e\000s\000\040\000p\000a\000r\000a\000\040\000m\000a\000n\000t\000e\000n\000i\000m\000i\000e\000n\000t\000o}{appendix.Alph3}% 223
\BOOKMARK [0][-]{appendix.Alph4}{\376\377\000R\000e\000s\000u\000l\000t\000a\000d\000o\000s\000\040\000d\000e\000\040\000p\000r\000u\000e\000b\000a\000s}{}% 224
\BOOKMARK [1][-]{section.Alph4.1}{\376\377\000T\000a\000b\000l\000a\000s\000\040\000d\000e\000\040\000m\000\351\000t\000r\000i\000c\000a\000s\000\040\000y\000\040\000m\000e\000d\000i\000c\000i\000o\000n\000e\000s}{appendix.Alph4}% 225
\BOOKMARK [1][-]{section.Alph4.2}{\376\377\000E\000v\000i\000d\000e\000n\000c\000i\000a\000s\000\040\000v\000i\000s\000u\000a\000l\000e\000s\000\040\000d\000e\000\040\000e\000j\000e\000c\000u\000c\000i\000\363\000n}{appendix.Alph4}% 226
\BOOKMARK [1][-]{section.Alph4.3}{\376\377\000C\000o\000m\000p\000a\000r\000a\000c\000i\000\363\000n\000\040\000e\000n\000t\000r\000e\000\040\000e\000s\000c\000e\000n\000a\000r\000i\000o\000s\000\040\000d\000e\000\040\000p\000r\000u\000e\000b\000a}{appendix.Alph4}% 227
\BOOKMARK [1][-]{section.Alph4.4}{\376\377\000O\000b\000s\000e\000r\000v\000a\000c\000i\000o\000n\000e\000s\000\040\000y\000\040\000a\000n\000o\000m\000a\000l\000\355\000a\000s\000\040\000d\000e\000t\000e\000c\000t\000a\000d\000a\000s}{appendix.Alph4}% 228
